[Info] [carb] Logging to file: /home/chyanin/miniconda3/envs/env_isaaclab/lib/python3.11/site-packages/isaacsim/kit/logs/Kit/Isaac-Sim Python/5.1/kit_20260318_064656.log
[0.043s] [ext: omni.kit.async_engine-0.0.3] startup
[0.335s] [ext: omni.metrics.core-0.0.3] startup
[0.336s] [ext: omni.client.lib-1.1.0] startup
[0.353s] [ext: omni.blobkey-1.1.2] startup
[0.353s] [ext: omni.stats-1.0.1] startup
[0.354s] [ext: omni.datastore-0.0.0] startup
[0.361s] [ext: omni.client-1.3.0] startup
[0.418s] [ext: omni.ujitso.default-1.0.0] startup
[0.423s] [ext: omni.hsscclient-1.1.2] startup
[0.431s] [ext: omni.gpu_foundation.shadercache.vulkan-1.0.0] startup
[0.433s] [ext: omni.assets.plugins-0.0.0] startup
[0.435s] [ext: omni.gpu_foundation-0.0.0] startup
[0.450s] [ext: carb.windowing.plugins-1.0.0] startup
[0.463s] [ext: omni.kit.renderer.init-0.0.0] startup
2026-03-17T23:46:57Z [970ms] [Warning] [gpu.foundation.plugin] Skipping unsupported non-NVIDIA GPU: AMD Radeon 780M (RADV PHOENIX)
2026-03-17T23:46:57Z [970ms] [Warning] [gpu.foundation.plugin] Skipping unsupported non-NVIDIA GPU: AMD Radeon 780M (RADV PHOENIX)

|---------------------------------------------------------------------------------------------|
| Driver Version: 580.126.09    | Graphics API: Vulkan
|=============================================================================================|
| GPU | Name                             | Active | LDA | GPU Memory | Vendor-ID | LUID       |
|     |                                  |        |     |            | Device-ID | UUID       |
|     |                                  |        |     |            | Bus-ID    |            |
|---------------------------------------------------------------------------------------------|
| 0   | NVIDIA GeForce RTX 4060 Laptop.. | Yes: 0 |     | 8188    MB | 10de      | 0          |
|     |                                  |        |     |            | 28e0      | 78564eae.. |
|     |                                  |        |     |            | 1         |            |
|---------------------------------------------------------------------------------------------|
| 1   | AMD Radeon 780M (RADV PHOENIX)   |        |     | 5396    MB | 1002      | 0          |
|     |                                  |        |     |            | 15bf      | 00000000.. |
|     |                                  |        |     |            | 6         |            |
|=============================================================================================|
| OS: 24.04.3 LTS (Noble Numbat) ubuntu, Version: 24.04.3, Kernel: 6.17.0-14-generic
| XServer Vendor: The X.Org Foundation, XServer Version: 12101011 (1.21.1.11)
| Processor: AMD Ryzen 7 7840HS w/ Radeon 780M Graphics
| Cores: 8 | Logical Cores: 16
|---------------------------------------------------------------------------------------------|
| Total Memory (MB): 15165 | Free Memory: 10540
| Total Page/Swap (MB): 4095 | Free Page/Swap: 2138
|---------------------------------------------------------------------------------------------|
2026-03-17T23:46:57Z [1,306ms] [Warning] [gpu.foundation.plugin] CPU performance profile is set to powersave. This profile sets the CPU to the lowest frequency reducing performance.
2026-03-17T23:46:57Z [1,310ms] [Warning] [gpu.foundation.plugin] IOMMU is enabled.
2026-03-17T23:46:57Z [1,310ms] [Warning] [gpu.foundation.plugin] Detected IOMMU is enabled. Running CUDA peer-to-peer bandwidth and latency validation.
Unidirectional P2P=Enabled Bandwidth (P2P Writes) Matrix (GB/s)
   D\D     0 
     0 198.09 
P2P=Enabled Latency (P2P Writes) Matrix (us)
   GPU     0 
     0   1.60 

   CPU     0 
     0   2.23 
[1.501s] [ext: omni.materialx.libs-1.0.7] startup
[1.510s] [ext: omni.kit.telemetry-0.5.2] startup
[1.543s] [ext: omni.usd.config-1.0.6] startup
[1.552s] [ext: omni.gpucompute.plugins-0.0.0] startup
[1.553s] [ext: omni.usd.libs-1.0.1] startup
[1.672s] [ext: omni.kit.loop-isaac-1.3.7] startup
[1.673s] [ext: omni.kit.test-2.0.1] startup
[1.708s] [ext: omni.mdl-56.0.3] startup
[1.726s] [ext: omni.iray.libs-0.0.0] startup
[1.739s] [ext: omni.mdl.neuraylib-0.2.12] startup
[1.741s] [ext: omni.kit.usd.mdl-1.1.5] startup
[1.826s] [ext: omni.kit.pipapi-0.0.0] startup
[1.827s] [ext: omni.appwindow-1.1.10] startup
[1.829s] [ext: omni.kit.renderer.core-1.1.0] startup
[1.850s] [ext: omni.kit.renderer.capture-0.0.0] startup
[1.853s] [ext: omni.kit.renderer.imgui-2.0.5] startup
[1.915s] [ext: omni.ui-2.27.1] startup
[1.923s] [ext: omni.kit.mainwindow-1.0.3] startup
[1.924s] [ext: carb.audio-0.1.0] startup
[1.932s] [ext: omni.uiaudio-1.0.0] startup
[1.933s] [ext: omni.kit.uiapp-0.0.0] startup
[1.933s] [ext: omni.usd.schema.metrics.assembler-107.3.1] startup
[1.935s] [ext: omni.usd.schema.physx-107.3.26] startup
[1.963s] [ext: omni.usd.schema.geospatial-0.0.0] startup
[1.966s] [ext: omni.usd.schema.audio-0.0.0] startup
[1.969s] [ext: omni.usd.schema.anim-0.0.0] startup
[1.987s] [ext: omni.usd.schema.flow-107.1.1] startup
[1.987s] [ext: omni.usd_resolver-1.0.0] startup
[1.991s] [ext: omni.usd.core-1.5.3] startup
[1.994s] [ext: omni.usd.schema.omni_sensors-0.0.0] startup
[2.007s] [ext: omni.usd.schema.semantics-0.0.0] startup
[2.010s] [ext: omni.usd.schema.omniscripting-1.0.0] startup
[2.013s] [ext: omni.usd.schema.omni_lens_distortion-0.0.0] startup
[2.014s] [ext: omni.usd.schema.omnigraph-1.0.0] startup
[2.019s] [ext: omni.kit.window.popup_dialog-2.0.24] startup
[2.022s] [ext: omni.graph.exec-0.9.6] startup
[2.023s] [ext: omni.kit.widget.nucleus_connector-2.0.1] startup
[2.025s] [ext: omni.kit.usd_undo-0.1.8] startup
[2.025s] [ext: omni.kit.exec.core-0.13.4] startup
[2.027s] [ext: omni.kit.actions.core-1.0.0] startup
[2.029s] [ext: omni.resourcemonitor-107.0.1] startup
[2.032s] [ext: omni.activity.core-1.0.3] startup
[2.033s] [ext: omni.timeline-1.0.14] startup
[2.035s] [ext: omni.kit.commands-1.4.10] startup
[2.038s] [ext: usdrt.scenegraph-7.6.1] startup
[2.071s] [ext: omni.kit.audiodeviceenum-1.0.2] startup
[2.073s] [ext: omni.hydra.usdrt_delegate-7.5.1] startup
[2.080s] [ext: omni.hydra.scene_delegate-0.3.4] startup
[2.085s] [ext: omni.usd-1.13.10] startup
[2.113s] [ext: omni.inspect-1.0.2] startup
[2.114s] [ext: omni.kit.notification_manager-1.0.10] startup
[2.116s] [ext: omni.graph.core-2.184.5] startup
[2.118s] [ext: isaacsim.core.deprecation_manager-0.2.7] startup
[2.119s] [ext: omni.anim.graph.schema-107.3.3] startup
[2.124s] [ext: omni.usd.schema.isaac-3.0.5] startup
[2.124s] [ext: omni.anim.navigation.schema-107.3.3] startup
[2.127s] [ext: omni.kit.asset_converter-5.0.17] startup
[2.140s] [ext: isaacsim.robot.schema-3.6.0] startup
[2.149s] [ext: omni.usd.schema.render_settings.rtx-0.0.0] startup
[2.150s] [ext: omni.kit.menu.core-1.1.2] startup
[2.150s] [ext: omni.kit.widget.path_field-2.0.11] startup
[2.151s] [ext: omni.kit.widget.context_menu-1.2.5] startup
[2.152s] [ext: omni.kit.widget.browser_bar-2.0.10] startup
[2.152s] [ext: omni.kit.clipboard-1.0.5] startup
[2.153s] [ext: omni.kit.numpy.common-0.1.3] startup
[2.154s] [ext: omni.kit.widget.options_menu-1.1.6] startup
[2.156s] [ext: omni.kit.helper.file_utils-0.1.9] startup
[2.157s] [ext: omni.ui.scene-1.11.5] startup
[2.161s] [ext: omni.kit.widget.options_button-1.0.3] startup
[2.162s] [ext: omni.kit.widget.filebrowser-2.12.3] startup
[2.165s] [ext: omni.kit.usd.layers-2.2.11] startup
[2.172s] [ext: omni.kit.window.filepicker-2.13.4] startup
[2.179s] [ext: omni.kit.hotkeys.core-1.3.10] startup
[2.182s] [ext: omni.kit.context_menu-1.8.6] startup
[2.183s] [ext: omni.kit.property.adapter.core-1.0.2] startup
[2.185s] [ext: omni.kit.window.file_exporter-1.0.33] startup
[2.187s] [ext: omni.kit.widget.searchfield-1.1.8] startup
[2.187s] [ext: omni.kit.widget.filter-1.1.4] startup
[2.188s] [ext: omni.kit.widget.graph-2.0.0] startup
[2.192s] [ext: omni.kit.widget.stage-3.1.4] startup
[2.203s] [ext: omni.kit.property.adapter.usd-1.0.2] startup
[2.204s] [ext: omni.kit.property.adapter.fabric-1.0.3] startup
[2.205s] [ext: omni.kit.graph.delegate.default-1.2.3] startup
[2.205s] [ext: omni.kit.window.file_importer-1.1.18] startup
[2.206s] [ext: omni.kit.stage_template.core-1.1.22] startup
[2.206s] [ext: omni.kit.menu.utils-2.0.5] startup
[2.209s] [ext: omni.kit.window.file-2.0.5] startup
[2.211s] [ext: omni.kit.widget.highlight_label-1.0.3] startup
[2.212s] [ext: omni.kit.window.drop_support-1.0.5] startup
[2.212s] [ext: omni.kit.window.content_browser_registry-0.0.6] startup
[2.212s] [ext: omni.kit.window.property-1.12.1] startup
[2.214s] [ext: omni.kit.window.content_browser-3.1.3] startup
[2.223s] [ext: isaacsim.core.version-2.0.6] startup
[2.223s] [ext: omni.kit.property.usd-4.5.12] startup
[2.231s] [ext: omni.kit.graph.editor.core-1.5.3] startup
[2.232s] [ext: omni.kit.material.library-2.0.7] startup
[2.236s] [ext: omni.kit.graph.usd.commands-1.3.1] startup
[2.236s] [ext: omni.kvdb-107.3.26] startup
[2.238s] [ext: omni.usdphysics-107.3.26] startup
[2.240s] [ext: omni.physx.foundation-107.3.26] startup
[2.242s] [ext: omni.localcache-107.3.26] startup
[2.243s] [ext: omni.convexdecomposition-107.3.26] startup
[2.246s] [ext: omni.physics-107.3.26] startup
[2.249s] [ext: omni.physx.cooking-107.3.26] startup
[2.252s] [ext: omni.physics.stageupdate-107.3.26] startup
[2.254s] [ext: omni.physx-107.3.26] startup
[2.262s] [ext: omni.index.libs-380600.8087.0] startup
[2.262s] [ext: omni.physics.physx-107.3.26] startup
2026-03-17T23:46:58Z [2,249ms] [Warning] [carb] Acquiring non optional plugin interface which is not listed as dependency: [omni::physx::IPhysxBenchmarks v1.0] (plugin: <default plugin>), by client: omni.physics.physx.plugin. Add it to CARB_PLUGIN_IMPL_DEPS() macro of a client.
[2.264s] [ext: omni.index-1.0.1] startup
[2.265s] [ext: omni.volume-0.5.2] startup
[2.268s] [ext: omni.ujitso.client-0.0.0] startup
[2.269s] [ext: omni.hydra.rtx.shadercache.vulkan-1.0.0] startup
[2.270s] [ext: omni.kit.widget.searchable_combobox-1.0.6] startup
[2.270s] [ext: omni.hydra.rtx-1.0.0] startup
2026-03-17T23:46:58Z [2,277ms] [Warning] [omni.log] Source: omni.hydra was already registered.
[2.316s] [ext: omni.kit.widget.settings-1.2.6] startup
[2.318s] [ext: omni.kit.hydra_texture-1.4.6] startup
[2.321s] [ext: omni.graph.tools-1.79.2] startup
[2.339s] [ext: omni.kit.window.preferences-1.8.0] startup
[2.343s] [ext: omni.kit.widget.material_preview-1.0.16] startup
[2.344s] [ext: omni.graph-1.141.2] startup
[2.375s] [ext: omni.kit.window.material_graph-1.9.1] startup
[2.382s] [ext: omni.isaac.dynamic_control-2.0.7] startup
2026-03-17T23:46:58Z [2,372ms] [Warning] [omni.isaac.dynamic_control] omni.isaac.dynamic_control is deprecated as of Isaac Sim 4.5. No action is needed from end-users.
[2.387s] [ext: isaacsim.storage.native-1.5.1] startup
[2.390s] [ext: omni.graph.scriptnode-1.50.0] startup
[2.391s] [ext: omni.hydra.engine.stats-1.0.3] startup
[2.395s] [ext: omni.kit.viewport.legacy_gizmos-1.0.19] startup
[2.398s] [ext: omni.kit.raycast.query-1.1.0] startup
[2.403s] [ext: omni.graph.action_core-1.1.7] startup
[2.405s] [ext: omni.kit.viewport.scene_camera_model-1.0.6] startup
[2.410s] [ext: omni.graph.image.core-0.6.1] startup
[2.411s] [ext: omni.kit.widget.viewport-107.1.3] startup
[2.419s] [ext: omni.kit.viewport.registry-104.0.6] startup
[2.420s] [ext: omni.usd.metrics.assembler-107.3.1] startup
[2.424s] [ext: omni.kit.viewport.window-107.2.0] startup
[2.439s] [ext: omni.kit.viewport.menubar.core-107.2.1] startup
[2.450s] [ext: omni.graph.image.nodes-1.3.1] startup
[2.451s] [ext: omni.usd.metrics.assembler.physics-107.3.26] startup
[2.453s] [ext: omni.warp.core-1.8.2] startup
[2.604s] [ext: omni.kit.viewport.utility-1.1.2] startup
[2.606s] [ext: omni.physics.tensors-107.3.26] startup
[2.612s] [ext: omni.syntheticdata-0.6.13] startup
[2.634s] [ext: isaacsim.test.docstring-1.1.0] startup
[2.639s] [ext: isaacsim.core.utils-3.5.1] startup
[2.642s] [ext: omni.physx.tensors-107.3.26] startup
[2.647s] [ext: omni.graph.nodes-1.170.10] startup
[2.660s] [ext: omni.graph.action_nodes-1.50.4] startup
[2.663s] [ext: omni.kit.primitive.mesh-1.0.17] startup
[2.669s] [ext: isaacsim.core.simulation_manager-1.4.4] startup
[2.911s] [ext: omni.graph.ui_nodes-1.50.5] startup
[2.915s] [ext: omni.graph.action-1.130.0] startup
[2.916s] [ext: omni.kit.stage_templates-2.0.0] startup
[2.920s] [ext: isaacsim.core.prims-0.6.1] startup
[2.943s] [ext: omni.warp-1.8.2] startup
[2.950s] [ext: omni.videoencoding-0.1.2] startup
[2.954s] [ext: isaacsim.core.api-4.8.0] startup
[2.982s] [ext: isaacsim.core.experimental.utils-0.3.0] startup
[3.007s] [ext: omni.replicator.core-1.12.27] startup
2026-03-17T23:46:59Z [3,021ms] [Warning] [pxr.Semantics] pxr.Semantics is deprecated - please use Semantics instead
2026-03-17T23:46:59Z [3,145ms] [Warning] [omni.graph.core.plugin] Found duplicate of category 'Replicator' - was 'Annotators', adding 'Fabric Reader'
2026-03-17T23:46:59Z [3,145ms] [Warning] [omni.graph.core.plugin] Category 'Replicator' not accepted on node type 'omni.replicator.core.FabricReader' in extension 'omni.replicator.core'
2026-03-17T23:46:59Z [3,146ms] [Warning] [omni.replicator.core.scripts.extension] No material configuration file, adding configuration to material settings directly.
[3.163s] [ext: isaacsim.core.experimental.prims-0.8.1] startup
[3.204s] [ext: omni.kit.window.extensions-1.4.27] startup
[3.213s] [ext: isaacsim.core.experimental.objects-0.4.0] startup
[3.219s] [ext: omni.ui_query-1.1.8] startup
[3.222s] [ext: omni.kit.manipulator.viewport-107.0.1] startup
[3.226s] [ext: isaacsim.robot.surface_gripper-3.3.1] startup
[3.234s] [ext: omni.kit.ui_test-1.3.7] startup
[3.240s] [ext: omni.graph.visualization.nodes-2.1.3] startup
[3.268s] [ext: isaacsim.robot_motion.lula-4.0.8] startup
[3.282s] [ext: isaacsim.core.nodes-3.4.3] startup
[3.298s] [ext: isaacsim.gui.components-1.2.1] startup
[3.310s] [ext: isaacsim.robot_motion.motion_generation-8.0.26] startup
[3.330s] [ext: isaacsim.robot.manipulators-3.3.6] startup
[3.345s] [ext: isaacsim.core.experimental.materials-0.4.0] startup
[3.398s] [ext: isaacsim.robot.manipulators.examples-1.1.2] startup
[3.410s] [ext: isaacsim.cortex.framework-1.0.12] startup
[3.418s] [ext: isaacsim.cortex.behaviors-2.0.14] startup
[3.423s] [ext: omni.isaac.cortex.sample_behaviors-2.0.5] startup
2026-03-17T23:46:59Z [3,426ms] [Warning] [omni.isaac.cortex] omni.isaac.cortex has been deprecated in favor of isaacsim.cortex.framework. Please update your code accordingly.
2026-03-17T23:46:59Z [3,473ms] [Warning] [omni.isaac.cortex.sample_behaviors] omni.isaac.cortex.sample_behaviors has been deprecated in favor of isaacsim.cortex.behaviors. Please update your code accordingly.
[3.490s] [ext: omni.kit.widget.zoombar-1.0.6] startup
[3.497s] [ext: isaacsim.gui.content_browser-0.1.11] startup
[3.574s] [ext: omni.kit.browser.core-2.3.13] startup
[3.747s] [ext: omni.kit.widget.stage_icons-1.0.8] startup
[3.749s] [ext: omni.kit.widget.prompt-1.0.7] startup
[3.751s] [ext: omni.kit.usd.collect-2.4.5] startup
[3.755s] [ext: omni.kit.browser.folder.core-1.10.9] startup
[3.765s] [ext: omni.kit.window.stage-2.6.1] startup
[3.781s] [ext: omni.kit.usdz_export-1.0.9] startup
[3.783s] [ext: omni.kit.tool.collect-2.2.18] startup
[3.789s] [ext: omni.kit.menu.stage-1.2.7] startup
[3.791s] [ext: omni.kit.tool.asset_importer-4.3.2] startup
[3.801s] [ext: isaacsim.robot.wheeled_robots-4.0.24] startup
[3.807s] [ext: isaacsim.examples.browser-0.2.1] startup
[3.812s] [ext: isaacsim.asset.importer.urdf-2.4.30] startup
[3.878s] [ext: omni.isaac.wheeled_robots-3.0.7] startup
2026-03-17T23:46:59Z [3,866ms] [Warning] [omni.isaac.wheeled_robots] omni.isaac.wheeled_robots has been deprecated in favor of isaacsim.robot.wheeled_robots. Please update your code accordingly.
2026-03-17T23:46:59Z [3,866ms] [Warning] [omni.isaac.wheeled_robots.controllers] omni.isaac.wheeled_robots has been deprecated in favor of isaacsim.robot.wheeled_robots. Please update your code accordingly.
2026-03-17T23:46:59Z [3,866ms] [Warning] [omni.isaac.wheeled_robots.controllers.ackermann_controller] omni.isaac.wheeled_robots has been deprecated in favor of isaacsim.robot.wheeled_robots. Please update your code accordingly.
2026-03-17T23:46:59Z [3,867ms] [Warning] [omni.isaac.wheeled_robots.controllers.differential_controller] omni.isaac.wheeled_robots has been deprecated in favor of isaacsim.robot.wheeled_robots. Please update your code accordingly.
2026-03-17T23:46:59Z [3,867ms] [Warning] [omni.isaac.wheeled_robots.controllers.holonomic_controller] omni.isaac.wheeled_robots has been deprecated in favor of isaacsim.robot.wheeled_robots. Please update your code accordingly.
2026-03-17T23:46:59Z [3,867ms] [Warning] [omni.isaac.wheeled_robots.controllers.quintic_path_planner] omni.isaac.wheeled_robots has been deprecated in favor of isaacsim.robot.wheeled_robots. Please update your code accordingly.
2026-03-17T23:46:59Z [3,867ms] [Warning] [omni.isaac.wheeled_robots.controllers.stanley_control] omni.isaac.wheeled_robots has been deprecated in favor of isaacsim.robot.wheeled_robots. Please update your code accordingly.
2026-03-17T23:46:59Z [3,867ms] [Warning] [omni.isaac.wheeled_robots.controllers.wheel_base_pose_controller] omni.isaac.wheeled_robots has been deprecated in favor of isaacsim.robot.wheeled_robots. Please update your code accordingly.
2026-03-17T23:46:59Z [3,867ms] [Warning] [omni.isaac.wheeled_robots.impl] omni.isaac.wheeled_robots has been deprecated in favor of isaacsim.robot.wheeled_robots. Please update your code accordingly.
2026-03-17T23:46:59Z [3,868ms] [Warning] [omni.isaac.wheeled_robots.robots] omni.isaac.wheeled_robots has been deprecated in favor of isaacsim.robot.wheeled_robots. Please update your code accordingly.
2026-03-17T23:46:59Z [3,868ms] [Warning] [omni.isaac.wheeled_robots.robots.holonomic_robot_usd_setup] omni.isaac.wheeled_robots has been deprecated in favor of isaacsim.robot.wheeled_robots. Please update your code accordingly.
2026-03-17T23:46:59Z [3,869ms] [Warning] [omni.isaac.wheeled_robots.robots.wheeled_robot] omni.isaac.wheeled_robots has been deprecated in favor of isaacsim.robot.wheeled_robots. Please update your code accordingly.
[3.885s] [ext: isaacsim.simulation_app-2.12.2] startup
[3.887s] [ext: omni.isaac.franka-1.0.7] startup
2026-03-17T23:46:59Z [3,877ms] [Warning] [omni.isaac.franka] omni.isaac.franka has been deprecated in favor of isaacsim.robot.manipulators.examples.franka. Please update your code accordingly.
2026-03-17T23:46:59Z [3,877ms] [Warning] [omni.isaac.franka.franka] omni.isaac.franka has been deprecated in favor of isaacsim.robot.manipulators.examples.franka. Please update your code accordingly.
2026-03-17T23:46:59Z [3,894ms] [Warning] [omni.isaac.franka.kinematics_solver] omni.isaac.franka has been deprecated in favor of isaacsim.robot.manipulators.examples.franka. Please update your code accordingly.
[3.908s] [ext: omni.isaac.kit-2.0.6] startup
2026-03-17T23:46:59Z [3,896ms] [Warning] [omni.isaac.kit] omni.isaac.kit has been deprecated in favor of isaacsim.simulation_app. Please update your code accordingly.
[3.911s] [ext: omni.kit.selection-0.1.6] startup
[3.913s] [ext: omni.isaac.lula-4.0.6] startup
2026-03-17T23:46:59Z [3,899ms] [Warning] [omni.isaac.lula] omni.isaac.lula has been deprecated in favor of isaacsim.robot_motion.lula. Please update your code accordingly.
[3.914s] [ext: isaacsim.robot_motion.lula_test_widget-1.0.12] startup
[3.916s] [ext: isaacsim.asset.browser-1.3.23] startup
[3.950s] [ext: omni.kit.viewport.actions-107.0.2] startup
[3.955s] [ext: isaacsim.gui.menu-2.4.4] startup
[3.961s] [ext: omni.isaac.manipulators-3.0.7] startup
2026-03-17T23:46:59Z [3,948ms] [Warning] [omni.isaac.manipulators] omni.isaac.manipulators has been deprecated in favor of isaacsim.robot.manipulators. Please update your code accordingly.
2026-03-17T23:46:59Z [3,948ms] [Warning] [omni.isaac.manipulators.controllers] omni.isaac.manipulators has been deprecated in favor of isaacsim.robot.manipulators. Please update your code accordingly.
2026-03-17T23:46:59Z [3,948ms] [Warning] [omni.isaac.manipulators.controllers.pick_place_controller] omni.isaac.manipulators has been deprecated in favor of isaacsim.robot.manipulators. Please update your code accordingly.
2026-03-17T23:46:59Z [3,949ms] [Warning] [omni.isaac.manipulators.controllers.stacking_controller] omni.isaac.manipulators has been deprecated in favor of isaacsim.robot.manipulators. Please update your code accordingly.
2026-03-17T23:46:59Z [3,949ms] [Warning] [omni.isaac.manipulators.grippers] omni.isaac.manipulators has been deprecated in favor of isaacsim.robot.manipulators. Please update your code accordingly.
2026-03-17T23:46:59Z [3,949ms] [Warning] [omni.isaac.manipulators.grippers.gripper] omni.isaac.manipulators has been deprecated in favor of isaacsim.robot.manipulators. Please update your code accordingly.
2026-03-17T23:46:59Z [3,949ms] [Warning] [omni.isaac.manipulators.grippers.parallel_gripper] omni.isaac.manipulators has been deprecated in favor of isaacsim.robot.manipulators. Please update your code accordingly.
2026-03-17T23:46:59Z [3,949ms] [Warning] [omni.isaac.manipulators.grippers.surface_gripper] omni.isaac.manipulators has been deprecated in favor of isaacsim.robot.manipulators. Please update your code accordingly.
2026-03-17T23:46:59Z [3,949ms] [Warning] [omni.isaac.manipulators.manipulators] omni.isaac.manipulators has been deprecated in favor of isaacsim.robot.manipulators. Please update your code accordingly.
2026-03-17T23:46:59Z [3,949ms] [Warning] [omni.isaac.manipulators.manipulators.single_manipulator] omni.isaac.manipulators has been deprecated in favor of isaacsim.robot.manipulators. Please update your code accordingly.
[3.964s] [ext: omni.isaac.lula_test_widget-1.0.6] startup
2026-03-17T23:46:59Z [3,950ms] [Warning] [omni.isaac.lula_test_widget] omni.isaac.lula_test_widget has been deprecated in favor of isaacsim.robot_motion.lula_test_widget. Please update your code accordingly.
[3.965s] [ext: omni.isaac.asset_browser-1.0.6] startup
2026-03-17T23:46:59Z [3,954ms] [Warning] [omni.isaac.asset_browser] omni.isaac.asset_browser has been deprecated in favor of isaacsim.asset.browser. Please update your code accordingly.
[3.970s] [ext: omni.kit.viewport.menubar.display-107.0.3] startup
[3.975s] [ext: omni.isaac.menu-1.0.6] startup
2026-03-17T23:46:59Z [3,960ms] [Warning] [omni.isaac.menu] omni.isaac.menu has been deprecated in favor of isaacsim.gui.menu. Please update your code accordingly.
[3.976s] [ext: omni.isaac.motion_generation-8.0.7] startup
2026-03-17T23:46:59Z [3,962ms] [Warning] [omni.isaac.motion_generation] omni.isaac.motion_generation has been deprecated in favor of isaacsim.robot_motion.motion_generation. Please update your code accordingly.
2026-03-17T23:46:59Z [3,963ms] [Warning] [omni.isaac.motion_generation.articulation_kinematics_solver] omni.isaac.motion_generation has been deprecated in favor of isaacsim.robot_motion.motion_generation. Please update your code accordingly.
2026-03-17T23:46:59Z [3,964ms] [Warning] [omni.isaac.motion_generation.articulation_motion_policy] omni.isaac.motion_generation has been deprecated in favor of isaacsim.robot_motion.motion_generation. Please update your code accordingly.
2026-03-17T23:46:59Z [3,964ms] [Warning] [omni.isaac.motion_generation.articulation_trajectory] omni.isaac.motion_generation has been deprecated in favor of isaacsim.robot_motion.motion_generation. Please update your code accordingly.
2026-03-17T23:46:59Z [3,966ms] [Warning] [omni.isaac.motion_generation.kinematics_interface] omni.isaac.motion_generation has been deprecated in favor of isaacsim.robot_motion.motion_generation. Please update your code accordingly.
2026-03-17T23:46:59Z [3,966ms] [Warning] [omni.isaac.motion_generation.lula] omni.isaac.motion_generation has been deprecated in favor of isaacsim.robot_motion.motion_generation. Please update your code accordingly.
2026-03-17T23:46:59Z [3,966ms] [Warning] [omni.isaac.motion_generation.lula.kinematics] omni.isaac.motion_generation has been deprecated in favor of isaacsim.robot_motion.motion_generation. Please update your code accordingly.
2026-03-17T23:46:59Z [3,966ms] [Warning] [omni.isaac.motion_generation.lula.motion_policies] omni.isaac.motion_generation has been deprecated in favor of isaacsim.robot_motion.motion_generation. Please update your code accordingly.
2026-03-17T23:46:59Z [3,966ms] [Warning] [omni.isaac.motion_generation.lula.path_planners] omni.isaac.motion_generation has been deprecated in favor of isaacsim.robot_motion.motion_generation. Please update your code accordingly.
2026-03-17T23:46:59Z [3,966ms] [Warning] [omni.isaac.motion_generation.lula.trajectory_generator] omni.isaac.motion_generation has been deprecated in favor of isaacsim.robot_motion.motion_generation. Please update your code accordingly.
2026-03-17T23:46:59Z [3,966ms] [Warning] [omni.isaac.motion_generation.motion_policy_controller] omni.isaac.motion_generation has been deprecated in favor of isaacsim.robot_motion.motion_generation. Please update your code accordingly.
2026-03-17T23:46:59Z [3,966ms] [Warning] [omni.isaac.motion_generation.motion_policy_interface] omni.isaac.motion_generation has been deprecated in favor of isaacsim.robot_motion.motion_generation. Please update your code accordingly.
2026-03-17T23:46:59Z [3,966ms] [Warning] [omni.isaac.motion_generation.path_planner_visualizer] omni.isaac.motion_generation has been deprecated in favor of isaacsim.robot_motion.motion_generation. Please update your code accordingly.
2026-03-17T23:46:59Z [3,966ms] [Warning] [omni.isaac.motion_generation.path_planning_interface] omni.isaac.motion_generation has been deprecated in favor of isaacsim.robot_motion.motion_generation. Please update your code accordingly.
2026-03-17T23:46:59Z [3,966ms] [Warning] [omni.isaac.motion_generation.trajectory] omni.isaac.motion_generation has been deprecated in favor of isaacsim.robot_motion.motion_generation. Please update your code accordingly.
2026-03-17T23:46:59Z [3,966ms] [Warning] [omni.isaac.motion_generation.world_interface] omni.isaac.motion_generation has been deprecated in favor of isaacsim.robot_motion.motion_generation. Please update your code accordingly.
[3.981s] [ext: omni.isaac.assets_check-0.3.13] startup
2026-03-17T23:46:59Z [3,968ms] [Warning] [omni.isaac.assets_check] omni.isaac.assets_check has been deprecated in favor of isaacsim.asset.browser. Please update your code accordingly.
[3.982s] [ext: isaacsim.gui.sensors.icon-2.0.3] startup
[3.998s] [ext: isaacsim.asset.importer.mjcf-2.5.13] startup
[4.005s] [ext: omni.sensors.nv.common-3.0.0] startup
[4.023s] [ext: isaacsim.sensors.physics-0.4.3] startup
[4.029s] [ext: omni.sensors.net-1.0.0] startup
[4.034s] [ext: omni.isaac.nucleus-1.0.6] startup
2026-03-17T23:47:00Z [4,021ms] [Warning] [omni.isaac.nucleus] omni.isaac.nucleus has been deprecated in favor of isaacsim.storage.native. Please update your code accordingly.
2026-03-17T23:47:00Z [4,021ms] [Warning] [omni.isaac.nucleus.nucleus] omni.isaac.nucleus.nucleus has been deprecated in favor of isaacsim.storage.native. Please update your code accordingly.
[4.036s] [ext: omni.sensors.nv.materials-2.0.0] startup
[4.043s] [ext: isaacsim.robot.policy.examples-4.1.11] startup
[4.044s] [ext: omni.sensors.nv.wpm-3.0.0] startup
[4.048s] [ext: omni.sensors.nv.lidar-3.0.0] startup
[4.057s] [ext: isaacsim.util.debug_draw-3.1.0] startup
[4.062s] [ext: omni.sensors.nv.radar-3.0.0] startup
[4.068s] [ext: omni.sensors.nv.ids-2.0.0] startup
[4.071s] [ext: isaacsim.core.cloner-1.4.10] startup
[4.073s] [ext: isaacsim.sensors.physx-2.3.2] startup
[4.078s] [ext: isaacsim.sensors.rtx-15.8.4] startup
[4.086s] [ext: isaacsim.sensors.camera-1.3.6] startup
[4.092s] [ext: omni.isaac.quadruped-3.0.7] startup
2026-03-17T23:47:00Z [4,080ms] [Warning] [omni.isaac.quadruped] omni.isaac.quadruped has been deprecated in favor of isaacsim.robot.policy.examples. Please update your code accordingly.
[4.097s] [ext: omni.isaac.cloner-1.0.7] startup
2026-03-17T23:47:00Z [4,085ms] [Warning] [omni.isaac.cloner] omni.isaac.cloner has been deprecated in favor of isaacsim.core.cloner. Please update your code accordingly.
[4.100s] [ext: omni.isaac.range_sensor-4.0.6] startup
2026-03-17T23:47:00Z [4,090ms] [Warning] [omni.isaac.range_sensor] omni.isaac.range_sensor has been deprecated in favor of isaacsim.sensors.physx. Please update your code accordingly.
2026-03-17T23:47:00Z [4,091ms] [Warning] [omni.isaac.range_sensor.commands] omni.isaac.range_sensor.commands has been deprecated in favor of isaacsim.sensors.physx.commands. Please update your code accordingly.
[4.107s] [ext: omni.isaac.sensor-13.0.7] startup
2026-03-17T23:47:00Z [4,094ms] [Warning] [omni.isaac.sensor] omni.isaac.sensor has been deprecated in favor of isaacsim.sensors.camera, isaacsim.sensors.physics, isaacsim.sensors.physx, and isaacsim.sensors.rtx. Please update your code accordingly.
2026-03-17T23:47:00Z [4,095ms] [Warning] [omni.isaac.sensor.camera] omni.isaac.sensor.camera has been deprecated in favor of isaacsim.sensors.camera.camera. Please update your code accordingly.
2026-03-17T23:47:00Z [4,096ms] [Warning] [omni.isaac.sensor.camera_view] omni.isaac.sensor.camera_view has been deprecated in favor of isaacsim.sensors.camera.camera_view. Please update your code accordingly.
2026-03-17T23:47:00Z [4,096ms] [Warning] [omni.isaac.sensor.commands] omni.isaac.sensor.commands has been deprecated in favor of isaacsim.sensors.physics.commands, isaacsim.sensors.physx.commands, and isaacsim.sensors.rtx.commands. Please update your code accordingly.
2026-03-17T23:47:00Z [4,096ms] [Warning] [omni.isaac.sensor.contact_sensor] omni.isaac.sensor.contact_sensor has been deprecated in favor of isaacsim.sensors.physics.contact_sensor. Please update your code accordingly.
2026-03-17T23:47:00Z [4,096ms] [Warning] [omni.isaac.sensor.imu_sensor] omni.isaac.sensor.imu_sensor has been deprecated in favor of isaacsim.sensors.physics.imu_sensor. Please update your code accordingly.
2026-03-17T23:47:00Z [4,096ms] [Warning] [omni.isaac.sensor.lidar_rtx] omni.isaac.sensor.lidar_rtx has been deprecated in favor of isaacsim.sensors.rtx.lidar_rtx. Please update your code accordingly.
2026-03-17T23:47:00Z [4,097ms] [Warning] [omni.isaac.sensor.rotating_lidar_physX] omni.isaac.sensor.imu_sensor has been deprecated in favor of isaacsim.sensors.physix.rotating_lidar_physX. Please update your code accordingly.
2026-03-17T23:47:00Z [4,097ms] [Warning] [omni.isaac.sensor.scripts.samples.contact_sensor] omni.isaac.sensor.scripts.samples.contact_sensor has been deprecated in favor of isaacsim.sensors.physics.scripts.samples.contact_sensor. Please update your code accordingly.
2026-03-17T23:47:00Z [4,097ms] [Warning] [omni.isaac.sensor.scripts.samples.imu_sensor] omni.isaac.sensor.scripts.samples.imu_sensor has been deprecated in favor of isaacsim.sensors.physics.scripts.samples.imu_sensor. Please update your code accordingly.
2026-03-17T23:47:00Z [4,097ms] [Warning] [omni.isaac.sensor.scripts.samples.lightbeam_sensor] omni.isaac.sensor.scripts.samples.lightbeam_sensor has been deprecated in favor of isaacsim.sensors.physx.scripts.samples.lightbeam_sensor. Please update your code accordingly.
[4.112s] [ext: omni.kit.menu.create-2.0.1] startup
[4.115s] [ext: omni.kit.widget.toolbar-2.0.1] startup
[4.126s] [ext: omni.kit.manipulator.transform-107.0.0] startup
[4.130s] [ext: omni.isaac.core-4.0.7] startup
2026-03-17T23:47:00Z [4,117ms] [Warning] [omni.isaac.core.physics_context.physics_context] omni.isaac.core.physics_context.physics_context has been deprecated in favor of isaacsim.core.api.physics_context.physics_context. Please update your code accordingly.
2026-03-17T23:47:00Z [4,117ms] [Warning] [omni.isaac.core.simulation_context.simulation_context] omni.isaac.core.simulation_context.simulation_context has been deprecated in favor of isaacsim.core.api.simulation_context.simulation_context. Please update your code accordingly.
2026-03-17T23:47:00Z [4,117ms] [Warning] [omni.isaac.core.world.world] omni.isaac.core.world.world has been deprecated in favor of isaacsim.core.api.world.world. Please update your code accordingly.
2026-03-17T23:47:00Z [4,117ms] [Warning] [omni.isaac.core] omni.isaac.core has been deprecated in favor of isaacsim.core.api. Please update your code accordingly.
[4.132s] [ext: omni.kit.scripting-107.3.2] startup
[4.138s] [ext: omni.kit.manipulator.tool.snap-1.5.13] startup
[4.142s] [ext: omni.kit.manipulator.selector-1.1.3] startup
[4.144s] [ext: isaacsim.app.about-2.0.11] startup
[4.149s] [ext: isaacsim.replicator.behavior-1.1.16] startup
[4.150s] [ext: omni.kit.viewport.manipulator.transform-107.0.4] startup
[4.153s] [ext: omni.isaac.window.about-2.0.7] startup
2026-03-17T23:47:00Z [4,140ms] [Warning] [omni.isaac.window.about] omni.isaac.window.about has been deprecated in favor of isaacsim.app.about. Please update your code accordingly.
2026-03-17T23:47:00Z [4,141ms] [Warning] [omni.isaac.window.about.about] omni.isaac.window.about.about has been deprecated in favor of isaacsim.app.about.about. Please update your code accordingly.
[4.155s] [ext: omni.fabric.commands-1.1.6] startup
[4.158s] [ext: omni.kit.manipulator.prim.core-107.0.8] startup
[4.163s] [ext: omni.kit.property.audio-1.0.16] startup
[4.166s] [ext: omni.kit.property.camera-1.0.10] startup
[4.167s] [ext: omni.kit.property.geometry-2.0.4] startup
[4.171s] [ext: omni.hydra.scene_api-0.1.2] startup
[4.176s] [ext: omni.kit.property.light-1.0.12] startup
[4.186s] [ext: omni.kit.manipulator.prim.fabric-107.0.4] startup
[4.188s] [ext: omni.kit.manipulator.prim.usd-107.0.3] startup
[4.190s] [ext: omni.kit.property.material-1.11.9] startup
[4.194s] [ext: omni.kit.property.render-1.2.1] startup
[4.196s] [ext: omni.kit.property.transform-1.5.13] startup
[4.200s] [ext: isaacsim.gui.property-1.1.3] startup
[4.202s] [ext: omni.kit.manipulator.camera-106.0.4] startup
[4.206s] [ext: omni.kit.manipulator.prim-107.0.0] startup
[4.206s] [ext: omni.isaac.surface_gripper-2.0.6] startup
2026-03-17T23:47:00Z [4,192ms] [Warning] [omni.isaac.surface_gripper] omni.isaac.surface_gripper has been deprecated in favor of isaacsim.robot.surface_gripper. Please update your code accordingly.
[4.206s] [ext: omni.kit.manipulator.selection-106.0.1] startup
[4.210s] [ext: omni.kit.property.bundle-1.4.1] startup
[4.212s] [ext: omni.kit.property.isaac-1.0.6] startup
2026-03-17T23:47:00Z [4,198ms] [Warning] [omni.kit.property.isaac] omni.kit.property.isaac has been deprecated in favor of isaacsim.gui.property. Please update your code accordingly.
2026-03-17T23:47:00Z [4,198ms] [Warning] [omni.kit.property.isaac.widgets] omni.kit.property.isaac.widgets has been deprecated in favor of isaacsim.gui.property.widgets. Please update your code accordingly.
[4.213s] [ext: omni.isaac.universal_robots-1.0.6] startup
2026-03-17T23:47:00Z [4,199ms] [Warning] [omni.isaac.universal_robots] omni.isaac.universal_robots has been deprecated in favor of isaacsim.robot.manipulators.examples.universal_robots. Please update your code accordingly.
2026-03-17T23:47:00Z [4,199ms] [Warning] [omni.isaac.universal_robots.kinematics_solver] omni.isaac.franka has been deprecated in favor of isaacsim.robot.manipulators.examples.universal_robots. Please update your code accordingly.
2026-03-17T23:47:00Z [4,200ms] [Warning] [omni.isaac.universal_robots.ur10] omni.isaac.franka has been deprecated in favor of isaacsim.robot.manipulators.examples.universal_robots. Please update your code accordingly.
[4.214s] [ext: omni.isaac.core_nodes-2.0.6] startup
2026-03-17T23:47:00Z [4,202ms] [Warning] [omni.isaac.core_nodes] omni.isaac.core_nodes has been deprecated in favor of isaacsim.core.nodes. Please update your code accordingly.
[4.217s] [ext: omni.kit.viewport.menubar.camera-107.0.6] startup
[4.224s] [ext: omni.kit.viewport.menubar.lighting-107.3.1] startup
[4.227s] [ext: isaacsim.replicator.writers-1.0.17] startup
[4.240s] [ext: omni.kit.viewport.menubar.render-107.0.10] startup
[4.245s] [ext: omni.kit.viewport.menubar.settings-107.0.3] startup
[4.250s] [ext: omni.kit.window.console-1.1.4] startup
[4.256s] [ext: isaacsim.replicator.domain_randomization-1.0.16] startup
[4.259s] [ext: isaacsim.replicator.examples-1.3.6] startup
[4.261s] [ext: omni.ocio-0.1.1] startup
[4.264s] [ext: omni.rtx.window.settings-0.6.19] startup
[4.272s] [ext: omni.kit.window.status_bar-0.1.9] startup
[4.279s] [ext: omni.kit.window.toolbar-2.0.0] startup
[4.287s] [ext: omni.replicator.isaac-2.0.8] startup
2026-03-17T23:47:00Z [4,273ms] [Warning] [omni.replicator.isaac] omni.replicator.isaac has been deprecated in favor of isaacsim.replicator.domain_randomization, isaacsim.replicator.examples, isaacsim.replicator.writers. Please update your code accordingly.
[4.288s] [ext: omni.replicator.replicator_yaml-2.0.11] startup
[4.294s] [ext: omni.rtx.settings.core-0.6.5] startup
[4.298s] [ext: omni.usd.metrics.assembler.ui-107.3.1] startup
[4.308s] [ext: omni.isaac.utils-2.0.6] startup
[4.310s] [ext: semantics.schema.editor-2.0.2] startup
[4.315s] [ext: omni.kit.ui.actions-1.0.5] startup
[4.317s] [ext: semantics.schema.property-2.0.1] startup
[4.319s] [ext: omni.isaac.version-2.0.7] startup
2026-03-17T23:47:00Z [4,305ms] [Warning] [omni.isaac.version] omni.isaac.version has been deprecated in favor of isaacsim.core.version. Please update your code accordingly.
[4.320s] [ext: omni.isaac.cortex-1.0.5] startup
[4.321s] [ext: omni.anim.curve.core-1.3.1] startup
[4.330s] [ext: isaacsim.core.throttling-2.2.2] startup
[4.333s] [ext: omni.kit.menu.common-2.0.1] startup
[4.336s] [ext: isaacsim.exp.base-5.1.0] startup
[4.337s] [ext: isaacsim.exp.base.python-5.1.0] startup
[4.338s] Simulation App Starting
2026-03-17T23:47:00Z [4,431ms] [Warning] [omni.fabric.plugin] Warning: attribute viewportHandle not found for bucket id 9

[4.491s] app ready
[Train] Run directory: outputs/terrain/mlp_full/seed_44/20260318_064655
[Train] Run ID: 20260318_064655_dynamite_terrain_mlp_full_seed44
[Train] Device: cuda
[Train] GPU: NVIDIA GeForce RTX 4060 Laptop GPU
[Train] GPU Memory: 7805 MB
Starting kit application with the following args:  ['/home/chyanin/miniconda3/envs/env_isaaclab/lib/python3.11/site-packages/isaacsim/exts/isaacsim.simulation_app/isaacsim/simulation_app/simulation_app.py', '/home/chyanin/miniconda3/envs/env_isaaclab/lib/python3.11/site-packages/isaacsim/apps/isaacsim.exp.base.python.kit', '--/app/tokens/exe-path=/home/chyanin/miniconda3/envs/env_isaaclab/lib/python3.11/site-packages/isaacsim/kit', '--/persistent/app/viewport/displayOptions=3094', '--/rtx/materialDb/syncLoads=True', '--/rtx/hydra/materialSyncLoads=True', '--/omni.kit.plugin/syncUsdLoads=True', '--/app/renderer/resolution/width=1280', '--/app/renderer/resolution/height=720', '--/app/window/width=1440', '--/app/window/height=900', '--/renderer/multiGpu/enabled=True', '--/app/fastShutdown=True', '--/app/installSignalHandlers=0', '--ext-folder', '/home/chyanin/miniconda3/envs/env_isaaclab/lib/python3.11/site-packages/isaacsim/exts', '--ext-folder', '/home/chyanin/miniconda3/envs/env_isaaclab/lib/python3.11/site-packages/isaacsim/apps', '--/physics/cudaDevice=0', '--/plugins/carb.tasking.plugin/threadCount=16', '--/plugins/omni.tbb.globalcontrol/maxThreadCount=16', '--portable', '--no-window', '--/app/window/hideUi=1']
Passing the following args to the base kit application:  ['--task', 'configs/task/terrain.yaml', '--model', 'configs/model/mlp.yaml', '--seed', '44', '--variant', 'full', '--headless']
Warp 1.8.2 initialized:
   CUDA Toolkit 12.8, Driver 13.0
   Devices:
     "cpu"      : "x86_64"
     "cuda:0"   : "NVIDIA GeForce RTX 4060 Laptop GPU" (8 GiB, sm_89, mempool enabled)
   Kernel cache:
     /home/chyanin/.cache/warp/1.8.2
Warp DeprecationWarning: The `warp.sim` module is deprecated and will be removed in v1.10. Please transition to using the forthcoming Newton library instead.
[Sim] SimulationApp created (headless=True)
[Sim] Set nucleus cloud root to: https://omniverse-content-production.s3-us-west-2.amazonaws.com/Assets/Isaac/5.1
[INFO]: Parsing configuration from: isaaclab_tasks.manager_based.locomotion.velocity.config.g1.rough_env_cfg:G1RoughEnvCfg

[36m======================================================================================[0m
[36m[1m[INFO][IsaacLab]: Logging to file: /tmp/isaaclab/logs/isaaclab_2026-03-18_06-47-03.log[0m
[36m======================================================================================[0m

[33m06:47:03 [simulation_context.py] WARNING: The `enable_external_forces_every_iteration` parameter in the PhysxCfg is set to False. If you are experiencing noisy velocities, consider enabling this flag. You may need to slightly increase the number of velocity iterations (setting it to 1 or 2 rather than 0), together with this flag, to improve the accuracy of velocity updates.[0m
[INFO]: Base environment:
	Environment device    : cuda:0
	Environment seed      : None
	Physics step-size     : 0.005
	Rendering step-size   : 0.02
	Environment step-size : 0.02
[INFO] Generating terrains based on curriculum took : 1.148350 seconds
[INFO]: Time taken for scene creation : 4.882550 seconds
[INFO]: Scene manager:  <class InteractiveScene>
	Number of environments: 512
	Environment spacing   : 2.5
	Source prim name      : /World/envs/env_0
	Global prim paths     : ['/World/ground']
	Replicate physics     : True
[INFO]: Starting the simulation. This may take a few seconds. Please wait...
[INFO]: Time taken for simulation start : 3.331905 seconds
[INFO] Command Manager:  <CommandManager> contains 1 active terms.
+------------------------------------------------+
|              Active Command Terms              |
+-------+---------------+------------------------+
| Index | Name          |          Type          |
+-------+---------------+------------------------+
|   0   | base_velocity | UniformVelocityCommand |
+-------+---------------+------------------------+

[INFO] Event Manager:  <EventManager> contains 2 active terms.
+--------------------------------------+
| Active Event Terms in Mode: 'startup' |
+----------+---------------------------+
|  Index   | Name                      |
+----------+---------------------------+
|    0     | physics_material          |
+----------+---------------------------+
+---------------------------------------+
|  Active Event Terms in Mode: 'reset'  |
+--------+------------------------------+
| Index  | Name                         |
+--------+------------------------------+
|   0    | base_external_force_torque   |
|   1    | reset_base                   |
|   2    | reset_robot_joints           |
+--------+------------------------------+

[INFO] Recorder Manager:  <RecorderManager> contains 0 active terms.
+---------------------+
| Active Recorder Terms |
+-----------+---------+
|   Index   | Name    |
+-----------+---------+
+-----------+---------+

[INFO] Action Manager:  <ActionManager> contains 1 active terms.
+------------------------------------+
|  Active Action Terms (shape: 37)   |
+--------+-------------+-------------+
| Index  | Name        |   Dimension |
+--------+-------------+-------------+
|   0    | joint_pos   |          37 |
+--------+-------------+-------------+

[INFO] Observation Manager: <ObservationManager> contains 1 groups.
+----------------------------------------------------------+
| Active Observation Terms in Group: 'policy' (shape: (310,)) |
+-----------+--------------------------------+-------------+
|   Index   | Name                           |    Shape    |
+-----------+--------------------------------+-------------+
|     0     | base_lin_vel                   |     (3,)    |
|     1     | base_ang_vel                   |     (3,)    |
|     2     | projected_gravity              |     (3,)    |
|     3     | velocity_commands              |     (3,)    |
|     4     | joint_pos                      |    (37,)    |
|     5     | joint_vel                      |    (37,)    |
|     6     | actions                        |    (37,)    |
|     7     | height_scan                    |    (187,)   |
+-----------+--------------------------------+-------------+

[INFO] Termination Manager:  <TerminationManager> contains 2 active terms.
+---------------------------------+
|     Active Termination Terms    |
+-------+--------------+----------+
| Index | Name         | Time Out |
+-------+--------------+----------+
|   0   | time_out     |   True   |
|   1   | base_contact |  False   |
+-------+--------------+----------+

[INFO] Reward Manager:  <RewardManager> contains 16 active terms.
+---------------------------------------------+
|             Active Reward Terms             |
+-------+-------------------------+-----------+
| Index | Name                    |    Weight |
+-------+-------------------------+-----------+
|   0   | track_lin_vel_xy_exp    |       1.0 |
|   1   | track_ang_vel_z_exp     |       2.0 |
|   2   | lin_vel_z_l2            |       0.0 |
|   3   | ang_vel_xy_l2           |     -0.05 |
|   4   | dof_torques_l2          |  -1.5e-07 |
|   5   | dof_acc_l2              | -1.25e-07 |
|   6   | action_rate_l2          |    -0.005 |
|   7   | feet_air_time           |      0.25 |
|   8   | flat_orientation_l2     |      -1.0 |
|   9   | dof_pos_limits          |      -1.0 |
|   10  | termination_penalty     |    -200.0 |
|   11  | feet_slide              |      -0.1 |
|   12  | joint_deviation_hip     |      -0.1 |
|   13  | joint_deviation_arms    |      -0.1 |
|   14  | joint_deviation_fingers |     -0.05 |
|   15  | joint_deviation_torso   |      -0.1 |
+-------+-------------------------+-----------+

[INFO] Curriculum Manager:  <CurriculumManager> contains 1 active terms.
+---------------------------+
|  Active Curriculum Terms  |
+--------+------------------+
| Index  | Name             |
+--------+------------------+
|   0    | terrain_levels   |
+--------+------------------+

[INFO]: Completed setting up the environment...
[Env] Created Isaac-Velocity-Rough-G1-v0  (num_envs=512)
[Env] Auto-detected dims: obs=310, act=37 (cmd & prev_action already in obs)
[Model] Built mlp with 361,547 parameters
[Train] Starting training: mlp on terrain
[Train] Variant: full | Seed: 44
[Train] Total timesteps: 10,000,000
[Train] Starting training: 813 iterations, 10,000,000 total timesteps
[06:47:23][dynamite][INFO] [step 122880] iteration: 10 | global_step: 122880 | reward/mean: -10.3592 | reward/std: 1.6560 | perf/fps: 12717.1126 | perf/gpu_mem_mb: 53
[06:47:31][dynamite][INFO] [step 245760] iteration: 20 | global_step: 245760 | reward/mean: -10.2293 | reward/std: 1.5516 | perf/fps: 15319.3604 | perf/gpu_mem_mb: 53
[06:47:39][dynamite][INFO] [step 368640] iteration: 30 | global_step: 368640 | reward/mean: -10.1632 | reward/std: 1.5063 | perf/fps: 15444.2505 | perf/gpu_mem_mb: 53
[06:47:47][dynamite][INFO] [step 491520] iteration: 40 | global_step: 491520 | reward/mean: -10.0238 | reward/std: 1.5582 | perf/fps: 14977.8092 | perf/gpu_mem_mb: 53
[06:47:56][dynamite][INFO] [step 614400] iteration: 50 | global_step: 614400 | reward/mean: -9.6957 | reward/std: 1.3901 | perf/fps: 14072.1033 | perf/gpu_mem_mb: 53
[06:47:57][dynamite][INFO] [step 614400] eval/reward_mean: -8.6596
[06:48:05][dynamite][INFO] [step 737280] iteration: 60 | global_step: 737280 | reward/mean: -9.3055 | reward/std: 1.5691 | perf/fps: 14144.4457 | perf/gpu_mem_mb: 53
[06:48:13][dynamite][INFO] [step 860160] iteration: 70 | global_step: 860160 | reward/mean: -9.0161 | reward/std: 1.2159 | perf/fps: 15213.0554 | perf/gpu_mem_mb: 53
[06:48:21][dynamite][INFO] [step 983040] iteration: 80 | global_step: 983040 | reward/mean: -8.7682 | reward/std: 1.1538 | perf/fps: 14984.4103 | perf/gpu_mem_mb: 53
[06:48:29][dynamite][INFO] [step 1105920] iteration: 90 | global_step: 1105920 | reward/mean: -8.4901 | reward/std: 1.0191 | perf/fps: 14959.4821 | perf/gpu_mem_mb: 53
[06:48:37][dynamite][INFO] [step 1228800] iteration: 100 | global_step: 1228800 | reward/mean: -8.2799 | reward/std: 1.0105 | perf/fps: 15051.7992 | perf/gpu_mem_mb: 53
[06:48:38][dynamite][INFO] [step 1228800] eval/reward_mean: -8.5024
[06:48:46][dynamite][INFO] [step 1351680] iteration: 110 | global_step: 1351680 | reward/mean: -8.0389 | reward/std: 1.0525 | perf/fps: 13937.6224 | perf/gpu_mem_mb: 53
[06:48:54][dynamite][INFO] [step 1474560] iteration: 120 | global_step: 1474560 | reward/mean: -7.8857 | reward/std: 0.9083 | perf/fps: 15182.8551 | perf/gpu_mem_mb: 53
[06:49:02][dynamite][INFO] [step 1597440] iteration: 130 | global_step: 1597440 | reward/mean: -7.6916 | reward/std: 0.8334 | perf/fps: 15041.0122 | perf/gpu_mem_mb: 53
[06:49:10][dynamite][INFO] [step 1720320] iteration: 140 | global_step: 1720320 | reward/mean: -7.5131 | reward/std: 0.7844 | perf/fps: 15181.4347 | perf/gpu_mem_mb: 53
[06:49:19][dynamite][INFO] [step 1843200] iteration: 150 | global_step: 1843200 | reward/mean: -7.3318 | reward/std: 0.7204 | perf/fps: 14372.5419 | perf/gpu_mem_mb: 53
[06:49:20][dynamite][INFO] [step 1843200] eval/reward_mean: -8.2019
[06:49:28][dynamite][INFO] [step 1966080] iteration: 160 | global_step: 1966080 | reward/mean: -7.1887 | reward/std: 0.8718 | perf/fps: 13883.7794 | perf/gpu_mem_mb: 53
[06:49:36][dynamite][INFO] [step 2088960] iteration: 170 | global_step: 2088960 | reward/mean: -7.0247 | reward/std: 0.5428 | perf/fps: 15198.5677 | perf/gpu_mem_mb: 53
[06:49:44][dynamite][INFO] [step 2211840] iteration: 180 | global_step: 2211840 | reward/mean: -6.8816 | reward/std: 0.4410 | perf/fps: 15208.8481 | perf/gpu_mem_mb: 53
[06:49:52][dynamite][INFO] [step 2334720] iteration: 190 | global_step: 2334720 | reward/mean: -6.7669 | reward/std: 0.4340 | perf/fps: 15122.6375 | perf/gpu_mem_mb: 53
[06:50:00][dynamite][INFO] [step 2457600] iteration: 200 | global_step: 2457600 | reward/mean: -6.6672 | reward/std: 0.4122 | perf/fps: 15232.1486 | perf/gpu_mem_mb: 53
[06:50:01][dynamite][INFO] [step 2457600] eval/reward_mean: -7.5686
[06:50:09][dynamite][INFO] [step 2580480] iteration: 210 | global_step: 2580480 | reward/mean: -6.5466 | reward/std: 0.4985 | perf/fps: 13955.7915 | perf/gpu_mem_mb: 53
[06:50:17][dynamite][INFO] [step 2703360] iteration: 220 | global_step: 2703360 | reward/mean: -6.4657 | reward/std: 0.3168 | perf/fps: 15260.3867 | perf/gpu_mem_mb: 53
[06:50:25][dynamite][INFO] [step 2826240] iteration: 230 | global_step: 2826240 | reward/mean: -6.3677 | reward/std: 0.2933 | perf/fps: 15055.5629 | perf/gpu_mem_mb: 53
[06:50:33][dynamite][INFO] [step 2949120] iteration: 240 | global_step: 2949120 | reward/mean: -6.2908 | reward/std: 0.3230 | perf/fps: 15241.3796 | perf/gpu_mem_mb: 53
[06:50:41][dynamite][INFO] [step 3072000] iteration: 250 | global_step: 3072000 | reward/mean: -6.2031 | reward/std: 0.2520 | perf/fps: 15265.0155 | perf/gpu_mem_mb: 53
[06:50:42][dynamite][INFO] [step 3072000] eval/reward_mean: -7.3603
[06:50:50][dynamite][INFO] [step 3194880] iteration: 260 | global_step: 3194880 | reward/mean: -6.1398 | reward/std: 0.4354 | perf/fps: 13957.8665 | perf/gpu_mem_mb: 53
[06:50:58][dynamite][INFO] [step 3317760] iteration: 270 | global_step: 3317760 | reward/mean: -6.0606 | reward/std: 0.2420 | perf/fps: 15085.6470 | perf/gpu_mem_mb: 53
[06:51:06][dynamite][INFO] [step 3440640] iteration: 280 | global_step: 3440640 | reward/mean: -5.9928 | reward/std: 0.2419 | perf/fps: 15174.9600 | perf/gpu_mem_mb: 53
[06:51:14][dynamite][INFO] [step 3563520] iteration: 290 | global_step: 3563520 | reward/mean: -5.9261 | reward/std: 0.2055 | perf/fps: 15267.3849 | perf/gpu_mem_mb: 53
[06:51:23][dynamite][INFO] [step 3686400] iteration: 300 | global_step: 3686400 | reward/mean: -5.8757 | reward/std: 0.1865 | perf/fps: 15186.2103 | perf/gpu_mem_mb: 53
[06:51:23][dynamite][INFO] [step 3686400] eval/reward_mean: -6.9949
[06:51:31][dynamite][INFO] [step 3809280] iteration: 310 | global_step: 3809280 | reward/mean: -5.8393 | reward/std: 0.3552 | perf/fps: 14011.7324 | perf/gpu_mem_mb: 53
[06:51:39][dynamite][INFO] [step 3932160] iteration: 320 | global_step: 3932160 | reward/mean: -5.7772 | reward/std: 0.1789 | perf/fps: 15290.3554 | perf/gpu_mem_mb: 53
[06:51:47][dynamite][INFO] [step 4055040] iteration: 330 | global_step: 4055040 | reward/mean: -5.7280 | reward/std: 0.1754 | perf/fps: 15228.0841 | perf/gpu_mem_mb: 53
[06:51:56][dynamite][INFO] [step 4177920] iteration: 340 | global_step: 4177920 | reward/mean: -5.6847 | reward/std: 0.1667 | perf/fps: 14970.5520 | perf/gpu_mem_mb: 53
[06:52:04][dynamite][INFO] [step 4300800] iteration: 350 | global_step: 4300800 | reward/mean: -5.6481 | reward/std: 0.1678 | perf/fps: 14625.0317 | perf/gpu_mem_mb: 53
[06:52:05][dynamite][INFO] [step 4300800] eval/reward_mean: -6.6531
[06:52:13][dynamite][INFO] [step 4423680] iteration: 360 | global_step: 4423680 | reward/mean: -5.6275 | reward/std: 0.3360 | perf/fps: 13705.5873 | perf/gpu_mem_mb: 53
[06:52:21][dynamite][INFO] [step 4546560] iteration: 370 | global_step: 4546560 | reward/mean: -5.5773 | reward/std: 0.1577 | perf/fps: 14841.9054 | perf/gpu_mem_mb: 53
[06:52:30][dynamite][INFO] [step 4669440] iteration: 380 | global_step: 4669440 | reward/mean: -5.5432 | reward/std: 0.1421 | perf/fps: 14444.9188 | perf/gpu_mem_mb: 53
[06:52:39][dynamite][INFO] [step 4792320] iteration: 390 | global_step: 4792320 | reward/mean: -5.5071 | reward/std: 0.1351 | perf/fps: 13693.9271 | perf/gpu_mem_mb: 53
[06:52:48][dynamite][INFO] [step 4915200] iteration: 400 | global_step: 4915200 | reward/mean: -5.4795 | reward/std: 0.1426 | perf/fps: 13625.6926 | perf/gpu_mem_mb: 53
[06:52:49][dynamite][INFO] [step 4915200] eval/reward_mean: -6.4616
[06:52:57][dynamite][INFO] [step 5038080] iteration: 410 | global_step: 5038080 | reward/mean: -5.4751 | reward/std: 0.3234 | perf/fps: 13657.6609 | perf/gpu_mem_mb: 53
[06:53:06][dynamite][INFO] [step 5160960] iteration: 420 | global_step: 5160960 | reward/mean: -5.4209 | reward/std: 0.1315 | perf/fps: 13852.2391 | perf/gpu_mem_mb: 53
[06:53:15][dynamite][INFO] [step 5283840] iteration: 430 | global_step: 5283840 | reward/mean: -5.3973 | reward/std: 0.1382 | perf/fps: 13768.7985 | perf/gpu_mem_mb: 53
[06:53:23][dynamite][INFO] [step 5406720] iteration: 440 | global_step: 5406720 | reward/mean: -5.3679 | reward/std: 0.1330 | perf/fps: 13755.0006 | perf/gpu_mem_mb: 53
[06:53:33][dynamite][INFO] [step 5529600] iteration: 450 | global_step: 5529600 | reward/mean: -5.3434 | reward/std: 0.1258 | perf/fps: 13543.4747 | perf/gpu_mem_mb: 53
[06:53:33][dynamite][INFO] [step 5529600] eval/reward_mean: -6.3631
[06:53:42][dynamite][INFO] [step 5652480] iteration: 460 | global_step: 5652480 | reward/mean: -5.3531 | reward/std: 0.3387 | perf/fps: 13078.1635 | perf/gpu_mem_mb: 53
[06:53:51][dynamite][INFO] [step 5775360] iteration: 470 | global_step: 5775360 | reward/mean: -5.3046 | reward/std: 0.1138 | perf/fps: 13573.7400 | perf/gpu_mem_mb: 53
[06:54:00][dynamite][INFO] [step 5898240] iteration: 480 | global_step: 5898240 | reward/mean: -5.2788 | reward/std: 0.1081 | perf/fps: 13733.7075 | perf/gpu_mem_mb: 53
[06:54:09][dynamite][INFO] [step 6021120] iteration: 490 | global_step: 6021120 | reward/mean: -5.2637 | reward/std: 0.1077 | perf/fps: 13674.1288 | perf/gpu_mem_mb: 53
[06:54:18][dynamite][INFO] [step 6144000] iteration: 500 | global_step: 6144000 | reward/mean: -5.2470 | reward/std: 0.1054 | perf/fps: 13721.2710 | perf/gpu_mem_mb: 53
[06:54:19][dynamite][INFO] [step 6144000] eval/reward_mean: -6.2417
[06:54:28][dynamite][INFO] [step 6266880] iteration: 510 | global_step: 6266880 | reward/mean: -5.2586 | reward/std: 0.2846 | perf/fps: 12551.5500 | perf/gpu_mem_mb: 53
[06:54:37][dynamite][INFO] [step 6389760] iteration: 520 | global_step: 6389760 | reward/mean: -5.2130 | reward/std: 0.0989 | perf/fps: 13611.0091 | perf/gpu_mem_mb: 53
[06:54:46][dynamite][INFO] [step 6512640] iteration: 530 | global_step: 6512640 | reward/mean: -5.1952 | reward/std: 0.1049 | perf/fps: 13699.7518 | perf/gpu_mem_mb: 53
[06:54:55][dynamite][INFO] [step 6635520] iteration: 540 | global_step: 6635520 | reward/mean: -5.1801 | reward/std: 0.0982 | perf/fps: 13650.5098 | perf/gpu_mem_mb: 53
[06:55:03][dynamite][INFO] [step 6758400] iteration: 550 | global_step: 6758400 | reward/mean: -5.1635 | reward/std: 0.1008 | perf/fps: 13923.3450 | perf/gpu_mem_mb: 53
[06:55:04][dynamite][INFO] [step 6758400] eval/reward_mean: -6.1388
[06:55:13][dynamite][INFO] [step 6881280] iteration: 560 | global_step: 6881280 | reward/mean: -5.1724 | reward/std: 0.2451 | perf/fps: 13394.2173 | perf/gpu_mem_mb: 53
[06:55:22][dynamite][INFO] [step 7004160] iteration: 570 | global_step: 7004160 | reward/mean: -5.1345 | reward/std: 0.0934 | perf/fps: 13358.9915 | perf/gpu_mem_mb: 53
[06:55:31][dynamite][INFO] [step 7127040] iteration: 580 | global_step: 7127040 | reward/mean: -5.1171 | reward/std: 0.0933 | perf/fps: 13662.9256 | perf/gpu_mem_mb: 53
[06:55:40][dynamite][INFO] [step 7249920] iteration: 590 | global_step: 7249920 | reward/mean: -5.1036 | reward/std: 0.0925 | perf/fps: 13712.2413 | perf/gpu_mem_mb: 53
[06:55:49][dynamite][INFO] [step 7372800] iteration: 600 | global_step: 7372800 | reward/mean: -5.0911 | reward/std: 0.0902 | perf/fps: 13712.5302 | perf/gpu_mem_mb: 53
[06:55:50][dynamite][INFO] [step 7372800] eval/reward_mean: -6.0406
[06:55:58][dynamite][INFO] [step 7495680] iteration: 610 | global_step: 7495680 | reward/mean: -5.0984 | reward/std: 0.2450 | perf/fps: 12662.3183 | perf/gpu_mem_mb: 53
[06:56:07][dynamite][INFO] [step 7618560] iteration: 620 | global_step: 7618560 | reward/mean: -5.0643 | reward/std: 0.0881 | perf/fps: 13684.1823 | perf/gpu_mem_mb: 53
[06:56:16][dynamite][INFO] [step 7741440] iteration: 630 | global_step: 7741440 | reward/mean: -5.0522 | reward/std: 0.0850 | perf/fps: 14155.4082 | perf/gpu_mem_mb: 53
[06:56:25][dynamite][INFO] [step 7864320] iteration: 640 | global_step: 7864320 | reward/mean: -5.0390 | reward/std: 0.0834 | perf/fps: 13705.2083 | perf/gpu_mem_mb: 53
[06:56:34][dynamite][INFO] [step 7987200] iteration: 650 | global_step: 7987200 | reward/mean: -5.0302 | reward/std: 0.0864 | perf/fps: 13729.1166 | perf/gpu_mem_mb: 53
[06:56:35][dynamite][INFO] [step 7987200] eval/reward_mean: -5.9493
[06:56:44][dynamite][INFO] [step 8110080] iteration: 660 | global_step: 8110080 | reward/mean: -5.0377 | reward/std: 0.2320 | perf/fps: 12547.5076 | perf/gpu_mem_mb: 53
[06:56:53][dynamite][INFO] [step 8232960] iteration: 670 | global_step: 8232960 | reward/mean: -5.0076 | reward/std: 0.0840 | perf/fps: 13382.7930 | perf/gpu_mem_mb: 53
[06:57:02][dynamite][INFO] [step 8355840] iteration: 680 | global_step: 8355840 | reward/mean: -4.9969 | reward/std: 0.0862 | perf/fps: 14514.1591 | perf/gpu_mem_mb: 53
[06:57:10][dynamite][INFO] [step 8478720] iteration: 690 | global_step: 8478720 | reward/mean: -4.9892 | reward/std: 0.0839 | perf/fps: 14775.4147 | perf/gpu_mem_mb: 53
[06:57:18][dynamite][INFO] [step 8601600] iteration: 700 | global_step: 8601600 | reward/mean: -4.9779 | reward/std: 0.0808 | perf/fps: 14796.1315 | perf/gpu_mem_mb: 53
[06:57:19][dynamite][INFO] [step 8601600] eval/reward_mean: -5.8536
[06:57:28][dynamite][INFO] [step 8724480] iteration: 710 | global_step: 8724480 | reward/mean: -4.9916 | reward/std: 0.2357 | perf/fps: 12667.2525 | perf/gpu_mem_mb: 53
[06:57:37][dynamite][INFO] [step 8847360] iteration: 720 | global_step: 8847360 | reward/mean: -4.9598 | reward/std: 0.0818 | perf/fps: 14071.3933 | perf/gpu_mem_mb: 53
[06:57:46][dynamite][INFO] [step 8970240] iteration: 730 | global_step: 8970240 | reward/mean: -4.9526 | reward/std: 0.0810 | perf/fps: 13720.0444 | perf/gpu_mem_mb: 53
