[Info] [carb] Logging to file: /home/chyanin/miniconda3/envs/env_isaaclab/lib/python3.11/site-packages/isaacsim/kit/logs/Kit/Isaac-Sim Python/5.1/kit_20260316_204510.log
[0.041s] [ext: omni.kit.async_engine-0.0.3] startup
[0.126s] [ext: omni.metrics.core-0.0.3] startup
[0.126s] [ext: omni.client.lib-1.1.0] startup
[0.142s] [ext: omni.blobkey-1.1.2] startup
[0.142s] [ext: omni.stats-1.0.1] startup
[0.143s] [ext: omni.datastore-0.0.0] startup
[0.150s] [ext: omni.client-1.3.0] startup
[0.206s] [ext: omni.ujitso.default-1.0.0] startup
[0.211s] [ext: omni.hsscclient-1.1.2] startup
[0.217s] [ext: omni.gpu_foundation.shadercache.vulkan-1.0.0] startup
[0.218s] [ext: omni.assets.plugins-0.0.0] startup
[0.220s] [ext: omni.gpu_foundation-0.0.0] startup
[0.233s] [ext: carb.windowing.plugins-1.0.0] startup
[0.243s] [ext: omni.kit.renderer.init-0.0.0] startup
2026-03-16T13:45:11Z [512ms] [Warning] [gpu.foundation.plugin] Skipping unsupported non-NVIDIA GPU: AMD Radeon 780M (RADV PHOENIX)
2026-03-16T13:45:11Z [512ms] [Warning] [gpu.foundation.plugin] Skipping unsupported non-NVIDIA GPU: AMD Radeon 780M (RADV PHOENIX)

|---------------------------------------------------------------------------------------------|
| Driver Version: 580.126.09    | Graphics API: Vulkan
|=============================================================================================|
| GPU | Name                             | Active | LDA | GPU Memory | Vendor-ID | LUID       |
|     |                                  |        |     |            | Device-ID | UUID       |
|     |                                  |        |     |            | Bus-ID    |            |
|---------------------------------------------------------------------------------------------|
| 0   | NVIDIA GeForce RTX 4060 Laptop.. | Yes: 0 |     | 8188    MB | 10de      | 0          |
|     |                                  |        |     |            | 28e0      | 78564eae.. |
|     |                                  |        |     |            | 1         |            |
|---------------------------------------------------------------------------------------------|
| 1   | AMD Radeon 780M (RADV PHOENIX)   |        |     | 5396    MB | 1002      | 0          |
|     |                                  |        |     |            | 15bf      | 00000000.. |
|     |                                  |        |     |            | 6         |            |
|=============================================================================================|
| OS: 24.04.3 LTS (Noble Numbat) ubuntu, Version: 24.04.3, Kernel: 6.17.0-14-generic
| XServer Vendor: The X.Org Foundation, XServer Version: 12101011 (1.21.1.11)
| Processor: AMD Ryzen 7 7840HS w/ Radeon 780M Graphics
| Cores: 8 | Logical Cores: 16
|---------------------------------------------------------------------------------------------|
| Total Memory (MB): 15165 | Free Memory: 8999
| Total Page/Swap (MB): 4095 | Free Page/Swap: 400
|---------------------------------------------------------------------------------------------|
2026-03-16T13:45:11Z [821ms] [Warning] [gpu.foundation.plugin] CPU performance profile is set to powersave. This profile sets the CPU to the lowest frequency reducing performance.
2026-03-16T13:45:11Z [825ms] [Warning] [gpu.foundation.plugin] IOMMU is enabled.
2026-03-16T13:45:11Z [825ms] [Warning] [gpu.foundation.plugin] Detected IOMMU is enabled. Running CUDA peer-to-peer bandwidth and latency validation.
Unidirectional P2P=Enabled Bandwidth (P2P Writes) Matrix (GB/s)
   D\D     0 
     0 198.16 
P2P=Enabled Latency (P2P Writes) Matrix (us)
   GPU     0 
     0   1.51 

   CPU     0 
     0   2.02 
[1.008s] [ext: omni.materialx.libs-1.0.7] startup
[1.015s] [ext: omni.kit.telemetry-0.5.2] startup
[1.044s] [ext: omni.usd.config-1.0.6] startup
[1.048s] [ext: omni.gpucompute.plugins-0.0.0] startup
[1.049s] [ext: omni.usd.libs-1.0.1] startup
[1.132s] [ext: omni.kit.loop-isaac-1.3.7] startup
[1.133s] [ext: omni.kit.test-2.0.1] startup
[1.164s] [ext: omni.mdl-56.0.3] startup
[1.181s] [ext: omni.iray.libs-0.0.0] startup
[1.186s] [ext: omni.mdl.neuraylib-0.2.12] startup
[1.188s] [ext: omni.kit.usd.mdl-1.1.5] startup
[1.265s] [ext: omni.kit.pipapi-0.0.0] startup
[1.266s] [ext: omni.appwindow-1.1.10] startup
[1.268s] [ext: omni.kit.renderer.core-1.1.0] startup
[1.288s] [ext: omni.kit.renderer.capture-0.0.0] startup
[1.290s] [ext: omni.kit.renderer.imgui-2.0.5] startup
[1.353s] [ext: omni.ui-2.27.1] startup
[1.364s] [ext: omni.kit.mainwindow-1.0.3] startup
[1.366s] [ext: carb.audio-0.1.0] startup
[1.374s] [ext: omni.uiaudio-1.0.0] startup
[1.375s] [ext: omni.kit.uiapp-0.0.0] startup
[1.375s] [ext: omni.usd.schema.metrics.assembler-107.3.1] startup
[1.378s] [ext: omni.usd.schema.physx-107.3.26] startup
[1.407s] [ext: omni.usd.schema.geospatial-0.0.0] startup
[1.409s] [ext: omni.usd.schema.audio-0.0.0] startup
[1.412s] [ext: omni.usd.schema.anim-0.0.0] startup
[1.430s] [ext: omni.usd.schema.flow-107.1.1] startup
[1.430s] [ext: omni.usd_resolver-1.0.0] startup
[1.434s] [ext: omni.usd.core-1.5.3] startup
[1.436s] [ext: omni.usd.schema.omni_sensors-0.0.0] startup
[1.451s] [ext: omni.usd.schema.semantics-0.0.0] startup
[1.454s] [ext: omni.usd.schema.omniscripting-1.0.0] startup
[1.457s] [ext: omni.usd.schema.omni_lens_distortion-0.0.0] startup
[1.458s] [ext: omni.usd.schema.omnigraph-1.0.0] startup
[1.463s] [ext: omni.kit.window.popup_dialog-2.0.24] startup
[1.466s] [ext: omni.graph.exec-0.9.6] startup
[1.467s] [ext: omni.kit.widget.nucleus_connector-2.0.1] startup
[1.470s] [ext: omni.kit.usd_undo-0.1.8] startup
[1.471s] [ext: omni.kit.exec.core-0.13.4] startup
[1.472s] [ext: omni.kit.actions.core-1.0.0] startup
[1.474s] [ext: omni.resourcemonitor-107.0.1] startup
[1.477s] [ext: omni.activity.core-1.0.3] startup
[1.478s] [ext: omni.timeline-1.0.14] startup
[1.480s] [ext: omni.kit.commands-1.4.10] startup
[1.484s] [ext: usdrt.scenegraph-7.6.1] startup
[1.519s] [ext: omni.kit.audiodeviceenum-1.0.2] startup
[1.520s] [ext: omni.hydra.usdrt_delegate-7.5.1] startup
[1.526s] [ext: omni.hydra.scene_delegate-0.3.4] startup
[1.530s] [ext: omni.usd-1.13.10] startup
[1.557s] [ext: omni.inspect-1.0.2] startup
[1.559s] [ext: omni.kit.notification_manager-1.0.10] startup
[1.560s] [ext: omni.graph.core-2.184.5] startup
[1.562s] [ext: isaacsim.core.deprecation_manager-0.2.7] startup
[1.563s] [ext: omni.anim.graph.schema-107.3.3] startup
[1.569s] [ext: omni.usd.schema.isaac-3.0.5] startup
[1.569s] [ext: omni.anim.navigation.schema-107.3.3] startup
[1.572s] [ext: omni.kit.asset_converter-5.0.17] startup
[1.584s] [ext: isaacsim.robot.schema-3.6.0] startup
[1.593s] [ext: omni.usd.schema.render_settings.rtx-0.0.0] startup
[1.595s] [ext: omni.kit.menu.core-1.1.2] startup
[1.596s] [ext: omni.kit.widget.path_field-2.0.11] startup
[1.596s] [ext: omni.kit.widget.context_menu-1.2.5] startup
[1.597s] [ext: omni.kit.widget.browser_bar-2.0.10] startup
[1.598s] [ext: omni.kit.clipboard-1.0.5] startup
[1.598s] [ext: omni.kit.numpy.common-0.1.3] startup
[1.599s] [ext: omni.kit.widget.options_menu-1.1.6] startup
[1.601s] [ext: omni.kit.helper.file_utils-0.1.9] startup
[1.603s] [ext: omni.ui.scene-1.11.5] startup
[1.607s] [ext: omni.kit.widget.options_button-1.0.3] startup
[1.607s] [ext: omni.kit.widget.filebrowser-2.12.3] startup
[1.612s] [ext: omni.kit.usd.layers-2.2.11] startup
[1.619s] [ext: omni.kit.window.filepicker-2.13.4] startup
[1.626s] [ext: omni.kit.hotkeys.core-1.3.10] startup
[1.629s] [ext: omni.kit.context_menu-1.8.6] startup
[1.631s] [ext: omni.kit.property.adapter.core-1.0.2] startup
[1.632s] [ext: omni.kit.window.file_exporter-1.0.33] startup
[1.634s] [ext: omni.kit.widget.searchfield-1.1.8] startup
[1.635s] [ext: omni.kit.widget.filter-1.1.4] startup
[1.636s] [ext: omni.kit.widget.graph-2.0.0] startup
[1.640s] [ext: omni.kit.widget.stage-3.1.4] startup
[1.653s] [ext: omni.kit.property.adapter.usd-1.0.2] startup
[1.654s] [ext: omni.kit.property.adapter.fabric-1.0.3] startup
[1.655s] [ext: omni.kit.graph.delegate.default-1.2.3] startup
[1.655s] [ext: omni.kit.window.file_importer-1.1.18] startup
[1.656s] [ext: omni.kit.stage_template.core-1.1.22] startup
[1.656s] [ext: omni.kit.menu.utils-2.0.5] startup
[1.662s] [ext: omni.kit.window.file-2.0.5] startup
[1.664s] [ext: omni.kit.widget.highlight_label-1.0.3] startup
[1.664s] [ext: omni.kit.window.drop_support-1.0.5] startup
[1.665s] [ext: omni.kit.window.content_browser_registry-0.0.6] startup
[1.665s] [ext: omni.kit.window.property-1.12.1] startup
[1.667s] [ext: omni.kit.window.content_browser-3.1.3] startup
[1.676s] [ext: isaacsim.core.version-2.0.6] startup
[1.677s] [ext: omni.kit.property.usd-4.5.12] startup
[1.687s] [ext: omni.kit.graph.editor.core-1.5.3] startup
[1.689s] [ext: omni.kit.material.library-2.0.7] startup
[1.694s] [ext: omni.kit.graph.usd.commands-1.3.1] startup
[1.694s] [ext: omni.kvdb-107.3.26] startup
[1.696s] [ext: omni.usdphysics-107.3.26] startup
[1.697s] [ext: omni.physx.foundation-107.3.26] startup
[1.699s] [ext: omni.localcache-107.3.26] startup
[1.700s] [ext: omni.convexdecomposition-107.3.26] startup
[1.703s] [ext: omni.physics-107.3.26] startup
[1.705s] [ext: omni.physx.cooking-107.3.26] startup
[1.708s] [ext: omni.physics.stageupdate-107.3.26] startup
[1.710s] [ext: omni.physx-107.3.26] startup
[1.720s] [ext: omni.index.libs-380600.8087.0] startup
[1.720s] [ext: omni.physics.physx-107.3.26] startup
2026-03-16T13:45:12Z [1,708ms] [Warning] [carb] Acquiring non optional plugin interface which is not listed as dependency: [omni::physx::IPhysxBenchmarks v1.0] (plugin: <default plugin>), by client: omni.physics.physx.plugin. Add it to CARB_PLUGIN_IMPL_DEPS() macro of a client.
[1.721s] [ext: omni.index-1.0.1] startup
[1.722s] [ext: omni.volume-0.5.2] startup
[1.726s] [ext: omni.ujitso.client-0.0.0] startup
[1.726s] [ext: omni.hydra.rtx.shadercache.vulkan-1.0.0] startup
[1.727s] [ext: omni.kit.widget.searchable_combobox-1.0.6] startup
[1.728s] [ext: omni.hydra.rtx-1.0.0] startup
2026-03-16T13:45:12Z [1,733ms] [Warning] [omni.log] Source: omni.hydra was already registered.
[1.767s] [ext: omni.kit.widget.settings-1.2.6] startup
[1.769s] [ext: omni.kit.hydra_texture-1.4.6] startup
[1.773s] [ext: omni.graph.tools-1.79.2] startup
[1.792s] [ext: omni.kit.window.preferences-1.8.0] startup
[1.796s] [ext: omni.kit.widget.material_preview-1.0.16] startup
[1.798s] [ext: omni.graph-1.141.2] startup
[1.832s] [ext: omni.kit.window.material_graph-1.9.1] startup
[1.839s] [ext: omni.isaac.dynamic_control-2.0.7] startup
2026-03-16T13:45:12Z [1,830ms] [Warning] [omni.isaac.dynamic_control] omni.isaac.dynamic_control is deprecated as of Isaac Sim 4.5. No action is needed from end-users.
[1.844s] [ext: isaacsim.storage.native-1.5.1] startup
[1.847s] [ext: omni.graph.scriptnode-1.50.0] startup
[1.848s] [ext: omni.hydra.engine.stats-1.0.3] startup
[1.851s] [ext: omni.kit.viewport.legacy_gizmos-1.0.19] startup
[1.854s] [ext: omni.kit.raycast.query-1.1.0] startup
[1.861s] [ext: omni.graph.action_core-1.1.7] startup
[1.864s] [ext: omni.kit.viewport.scene_camera_model-1.0.6] startup
[1.870s] [ext: omni.graph.image.core-0.6.1] startup
[1.871s] [ext: omni.kit.widget.viewport-107.1.3] startup
[1.874s] [ext: omni.kit.viewport.registry-104.0.6] startup
[1.875s] [ext: omni.usd.metrics.assembler-107.3.1] startup
[1.879s] [ext: omni.kit.viewport.window-107.2.0] startup
[1.896s] [ext: omni.kit.viewport.menubar.core-107.2.1] startup
[1.908s] [ext: omni.graph.image.nodes-1.3.1] startup
[1.909s] [ext: omni.usd.metrics.assembler.physics-107.3.26] startup
[1.911s] [ext: omni.warp.core-1.8.2] startup
[2.071s] [ext: omni.kit.viewport.utility-1.1.2] startup
[2.073s] [ext: omni.physics.tensors-107.3.26] startup
[2.078s] [ext: omni.syntheticdata-0.6.13] startup
[2.101s] [ext: isaacsim.test.docstring-1.1.0] startup
[2.105s] [ext: isaacsim.core.utils-3.5.1] startup
[2.110s] [ext: omni.physx.tensors-107.3.26] startup
[2.114s] [ext: omni.graph.nodes-1.170.10] startup
[2.126s] [ext: omni.graph.action_nodes-1.50.4] startup
[2.130s] [ext: omni.kit.primitive.mesh-1.0.17] startup
[2.139s] [ext: isaacsim.core.simulation_manager-1.4.4] startup
[2.357s] [ext: omni.graph.ui_nodes-1.50.5] startup
[2.362s] [ext: omni.graph.action-1.130.0] startup
[2.363s] [ext: omni.kit.stage_templates-2.0.0] startup
[2.368s] [ext: isaacsim.core.prims-0.6.1] startup
[2.390s] [ext: omni.warp-1.8.2] startup
[2.397s] [ext: omni.videoencoding-0.1.2] startup
[2.402s] [ext: isaacsim.core.api-4.8.0] startup
[2.446s] [ext: isaacsim.core.experimental.utils-0.3.0] startup
[2.453s] [ext: omni.replicator.core-1.12.27] startup
2026-03-16T13:45:13Z [2,460ms] [Warning] [pxr.Semantics] pxr.Semantics is deprecated - please use Semantics instead
2026-03-16T13:45:13Z [2,547ms] [Warning] [omni.graph.core.plugin] Found duplicate of category 'Replicator' - was 'Annotators', adding 'Fabric Reader'
2026-03-16T13:45:13Z [2,547ms] [Warning] [omni.graph.core.plugin] Category 'Replicator' not accepted on node type 'omni.replicator.core.FabricReader' in extension 'omni.replicator.core'
2026-03-16T13:45:13Z [2,548ms] [Warning] [omni.replicator.core.scripts.extension] No material configuration file, adding configuration to material settings directly.
[2.564s] [ext: isaacsim.core.experimental.prims-0.8.1] startup
[2.603s] [ext: omni.kit.window.extensions-1.4.27] startup
[2.613s] [ext: isaacsim.core.experimental.objects-0.4.0] startup
[2.619s] [ext: omni.ui_query-1.1.8] startup
[2.622s] [ext: omni.kit.manipulator.viewport-107.0.1] startup
[2.625s] [ext: isaacsim.robot.surface_gripper-3.3.1] startup
[2.633s] [ext: omni.kit.ui_test-1.3.7] startup
[2.637s] [ext: omni.graph.visualization.nodes-2.1.3] startup
[2.662s] [ext: isaacsim.robot_motion.lula-4.0.8] startup
[2.671s] [ext: isaacsim.core.nodes-3.4.3] startup
[2.680s] [ext: isaacsim.gui.components-1.2.1] startup
[2.695s] [ext: isaacsim.robot_motion.motion_generation-8.0.26] startup
[2.720s] [ext: isaacsim.robot.manipulators-3.3.6] startup
[2.733s] [ext: isaacsim.core.experimental.materials-0.4.0] startup
[2.744s] [ext: isaacsim.robot.manipulators.examples-1.1.2] startup
[2.754s] [ext: isaacsim.cortex.framework-1.0.12] startup
[2.762s] [ext: isaacsim.cortex.behaviors-2.0.14] startup
[2.766s] [ext: omni.isaac.cortex.sample_behaviors-2.0.5] startup
2026-03-16T13:45:13Z [2,757ms] [Warning] [omni.isaac.cortex] omni.isaac.cortex has been deprecated in favor of isaacsim.cortex.framework. Please update your code accordingly.
2026-03-16T13:45:13Z [2,758ms] [Warning] [omni.isaac.cortex.sample_behaviors] omni.isaac.cortex.sample_behaviors has been deprecated in favor of isaacsim.cortex.behaviors. Please update your code accordingly.
[2.776s] [ext: omni.kit.widget.zoombar-1.0.6] startup
[2.803s] [ext: isaacsim.gui.content_browser-0.1.11] startup
[2.837s] [ext: omni.kit.browser.core-2.3.13] startup
[2.896s] [ext: omni.kit.widget.stage_icons-1.0.8] startup
[2.942s] [ext: omni.kit.widget.prompt-1.0.7] startup
[2.981s] [ext: omni.kit.usd.collect-2.4.5] startup
[3.002s] [ext: omni.kit.browser.folder.core-1.10.9] startup
[3.142s] [ext: omni.kit.window.stage-2.6.1] startup
[3.149s] [ext: omni.kit.usdz_export-1.0.9] startup
[3.152s] [ext: omni.kit.tool.collect-2.2.18] startup
[3.163s] [ext: omni.kit.menu.stage-1.2.7] startup
[3.165s] [ext: omni.kit.tool.asset_importer-4.3.2] startup
[3.178s] [ext: isaacsim.robot.wheeled_robots-4.0.24] startup
[3.190s] [ext: isaacsim.examples.browser-0.2.1] startup
[3.196s] [ext: isaacsim.asset.importer.urdf-2.4.30] startup
[3.260s] [ext: omni.isaac.wheeled_robots-3.0.7] startup
2026-03-16T13:45:14Z [3,248ms] [Warning] [omni.isaac.wheeled_robots] omni.isaac.wheeled_robots has been deprecated in favor of isaacsim.robot.wheeled_robots. Please update your code accordingly.
2026-03-16T13:45:14Z [3,248ms] [Warning] [omni.isaac.wheeled_robots.controllers] omni.isaac.wheeled_robots has been deprecated in favor of isaacsim.robot.wheeled_robots. Please update your code accordingly.
2026-03-16T13:45:14Z [3,249ms] [Warning] [omni.isaac.wheeled_robots.controllers.ackermann_controller] omni.isaac.wheeled_robots has been deprecated in favor of isaacsim.robot.wheeled_robots. Please update your code accordingly.
2026-03-16T13:45:14Z [3,249ms] [Warning] [omni.isaac.wheeled_robots.controllers.differential_controller] omni.isaac.wheeled_robots has been deprecated in favor of isaacsim.robot.wheeled_robots. Please update your code accordingly.
2026-03-16T13:45:14Z [3,249ms] [Warning] [omni.isaac.wheeled_robots.controllers.holonomic_controller] omni.isaac.wheeled_robots has been deprecated in favor of isaacsim.robot.wheeled_robots. Please update your code accordingly.
2026-03-16T13:45:14Z [3,249ms] [Warning] [omni.isaac.wheeled_robots.controllers.quintic_path_planner] omni.isaac.wheeled_robots has been deprecated in favor of isaacsim.robot.wheeled_robots. Please update your code accordingly.
2026-03-16T13:45:14Z [3,250ms] [Warning] [omni.isaac.wheeled_robots.controllers.stanley_control] omni.isaac.wheeled_robots has been deprecated in favor of isaacsim.robot.wheeled_robots. Please update your code accordingly.
2026-03-16T13:45:14Z [3,250ms] [Warning] [omni.isaac.wheeled_robots.controllers.wheel_base_pose_controller] omni.isaac.wheeled_robots has been deprecated in favor of isaacsim.robot.wheeled_robots. Please update your code accordingly.
2026-03-16T13:45:14Z [3,251ms] [Warning] [omni.isaac.wheeled_robots.impl] omni.isaac.wheeled_robots has been deprecated in favor of isaacsim.robot.wheeled_robots. Please update your code accordingly.
2026-03-16T13:45:14Z [3,252ms] [Warning] [omni.isaac.wheeled_robots.robots] omni.isaac.wheeled_robots has been deprecated in favor of isaacsim.robot.wheeled_robots. Please update your code accordingly.
2026-03-16T13:45:14Z [3,253ms] [Warning] [omni.isaac.wheeled_robots.robots.holonomic_robot_usd_setup] omni.isaac.wheeled_robots has been deprecated in favor of isaacsim.robot.wheeled_robots. Please update your code accordingly.
2026-03-16T13:45:14Z [3,255ms] [Warning] [omni.isaac.wheeled_robots.robots.wheeled_robot] omni.isaac.wheeled_robots has been deprecated in favor of isaacsim.robot.wheeled_robots. Please update your code accordingly.
[3.269s] [ext: isaacsim.simulation_app-2.12.2] startup
[3.271s] [ext: omni.isaac.franka-1.0.7] startup
2026-03-16T13:45:14Z [3,259ms] [Warning] [omni.isaac.franka] omni.isaac.franka has been deprecated in favor of isaacsim.robot.manipulators.examples.franka. Please update your code accordingly.
2026-03-16T13:45:14Z [3,259ms] [Warning] [omni.isaac.franka.franka] omni.isaac.franka has been deprecated in favor of isaacsim.robot.manipulators.examples.franka. Please update your code accordingly.
2026-03-16T13:45:14Z [3,276ms] [Warning] [omni.isaac.franka.kinematics_solver] omni.isaac.franka has been deprecated in favor of isaacsim.robot.manipulators.examples.franka. Please update your code accordingly.
[3.290s] [ext: omni.isaac.kit-2.0.6] startup
2026-03-16T13:45:14Z [3,278ms] [Warning] [omni.isaac.kit] omni.isaac.kit has been deprecated in favor of isaacsim.simulation_app. Please update your code accordingly.
[3.292s] [ext: omni.kit.selection-0.1.6] startup
[3.294s] [ext: omni.isaac.lula-4.0.6] startup
2026-03-16T13:45:14Z [3,281ms] [Warning] [omni.isaac.lula] omni.isaac.lula has been deprecated in favor of isaacsim.robot_motion.lula. Please update your code accordingly.
[3.294s] [ext: isaacsim.robot_motion.lula_test_widget-1.0.12] startup
[3.296s] [ext: isaacsim.asset.browser-1.3.23] startup
[3.329s] [ext: omni.kit.viewport.actions-107.0.2] startup
[3.334s] [ext: isaacsim.gui.menu-2.4.4] startup
[3.340s] [ext: omni.isaac.manipulators-3.0.7] startup
2026-03-16T13:45:14Z [3,329ms] [Warning] [omni.isaac.manipulators] omni.isaac.manipulators has been deprecated in favor of isaacsim.robot.manipulators. Please update your code accordingly.
2026-03-16T13:45:14Z [3,329ms] [Warning] [omni.isaac.manipulators.controllers] omni.isaac.manipulators has been deprecated in favor of isaacsim.robot.manipulators. Please update your code accordingly.
2026-03-16T13:45:14Z [3,329ms] [Warning] [omni.isaac.manipulators.controllers.pick_place_controller] omni.isaac.manipulators has been deprecated in favor of isaacsim.robot.manipulators. Please update your code accordingly.
2026-03-16T13:45:14Z [3,330ms] [Warning] [omni.isaac.manipulators.controllers.stacking_controller] omni.isaac.manipulators has been deprecated in favor of isaacsim.robot.manipulators. Please update your code accordingly.
2026-03-16T13:45:14Z [3,330ms] [Warning] [omni.isaac.manipulators.grippers] omni.isaac.manipulators has been deprecated in favor of isaacsim.robot.manipulators. Please update your code accordingly.
2026-03-16T13:45:14Z [3,330ms] [Warning] [omni.isaac.manipulators.grippers.gripper] omni.isaac.manipulators has been deprecated in favor of isaacsim.robot.manipulators. Please update your code accordingly.
2026-03-16T13:45:14Z [3,331ms] [Warning] [omni.isaac.manipulators.grippers.parallel_gripper] omni.isaac.manipulators has been deprecated in favor of isaacsim.robot.manipulators. Please update your code accordingly.
2026-03-16T13:45:14Z [3,331ms] [Warning] [omni.isaac.manipulators.grippers.surface_gripper] omni.isaac.manipulators has been deprecated in favor of isaacsim.robot.manipulators. Please update your code accordingly.
2026-03-16T13:45:14Z [3,332ms] [Warning] [omni.isaac.manipulators.manipulators] omni.isaac.manipulators has been deprecated in favor of isaacsim.robot.manipulators. Please update your code accordingly.
2026-03-16T13:45:14Z [3,332ms] [Warning] [omni.isaac.manipulators.manipulators.single_manipulator] omni.isaac.manipulators has been deprecated in favor of isaacsim.robot.manipulators. Please update your code accordingly.
[3.346s] [ext: omni.isaac.lula_test_widget-1.0.6] startup
2026-03-16T13:45:14Z [3,334ms] [Warning] [omni.isaac.lula_test_widget] omni.isaac.lula_test_widget has been deprecated in favor of isaacsim.robot_motion.lula_test_widget. Please update your code accordingly.
[3.347s] [ext: omni.isaac.asset_browser-1.0.6] startup
2026-03-16T13:45:14Z [3,335ms] [Warning] [omni.isaac.asset_browser] omni.isaac.asset_browser has been deprecated in favor of isaacsim.asset.browser. Please update your code accordingly.
[3.349s] [ext: omni.kit.viewport.menubar.display-107.0.3] startup
[3.353s] [ext: omni.isaac.menu-1.0.6] startup
2026-03-16T13:45:14Z [3,340ms] [Warning] [omni.isaac.menu] omni.isaac.menu has been deprecated in favor of isaacsim.gui.menu. Please update your code accordingly.
[3.354s] [ext: omni.isaac.motion_generation-8.0.7] startup
2026-03-16T13:45:14Z [3,342ms] [Warning] [omni.isaac.motion_generation] omni.isaac.motion_generation has been deprecated in favor of isaacsim.robot_motion.motion_generation. Please update your code accordingly.
2026-03-16T13:45:14Z [3,343ms] [Warning] [omni.isaac.motion_generation.articulation_kinematics_solver] omni.isaac.motion_generation has been deprecated in favor of isaacsim.robot_motion.motion_generation. Please update your code accordingly.
2026-03-16T13:45:14Z [3,344ms] [Warning] [omni.isaac.motion_generation.articulation_motion_policy] omni.isaac.motion_generation has been deprecated in favor of isaacsim.robot_motion.motion_generation. Please update your code accordingly.
2026-03-16T13:45:14Z [3,344ms] [Warning] [omni.isaac.motion_generation.articulation_trajectory] omni.isaac.motion_generation has been deprecated in favor of isaacsim.robot_motion.motion_generation. Please update your code accordingly.
2026-03-16T13:45:14Z [3,344ms] [Warning] [omni.isaac.motion_generation.kinematics_interface] omni.isaac.motion_generation has been deprecated in favor of isaacsim.robot_motion.motion_generation. Please update your code accordingly.
2026-03-16T13:45:14Z [3,344ms] [Warning] [omni.isaac.motion_generation.lula] omni.isaac.motion_generation has been deprecated in favor of isaacsim.robot_motion.motion_generation. Please update your code accordingly.
2026-03-16T13:45:14Z [3,344ms] [Warning] [omni.isaac.motion_generation.lula.kinematics] omni.isaac.motion_generation has been deprecated in favor of isaacsim.robot_motion.motion_generation. Please update your code accordingly.
2026-03-16T13:45:14Z [3,344ms] [Warning] [omni.isaac.motion_generation.lula.motion_policies] omni.isaac.motion_generation has been deprecated in favor of isaacsim.robot_motion.motion_generation. Please update your code accordingly.
2026-03-16T13:45:14Z [3,344ms] [Warning] [omni.isaac.motion_generation.lula.path_planners] omni.isaac.motion_generation has been deprecated in favor of isaacsim.robot_motion.motion_generation. Please update your code accordingly.
2026-03-16T13:45:14Z [3,344ms] [Warning] [omni.isaac.motion_generation.lula.trajectory_generator] omni.isaac.motion_generation has been deprecated in favor of isaacsim.robot_motion.motion_generation. Please update your code accordingly.
2026-03-16T13:45:14Z [3,344ms] [Warning] [omni.isaac.motion_generation.motion_policy_controller] omni.isaac.motion_generation has been deprecated in favor of isaacsim.robot_motion.motion_generation. Please update your code accordingly.
2026-03-16T13:45:14Z [3,344ms] [Warning] [omni.isaac.motion_generation.motion_policy_interface] omni.isaac.motion_generation has been deprecated in favor of isaacsim.robot_motion.motion_generation. Please update your code accordingly.
2026-03-16T13:45:14Z [3,344ms] [Warning] [omni.isaac.motion_generation.path_planner_visualizer] omni.isaac.motion_generation has been deprecated in favor of isaacsim.robot_motion.motion_generation. Please update your code accordingly.
2026-03-16T13:45:14Z [3,344ms] [Warning] [omni.isaac.motion_generation.path_planning_interface] omni.isaac.motion_generation has been deprecated in favor of isaacsim.robot_motion.motion_generation. Please update your code accordingly.
2026-03-16T13:45:14Z [3,344ms] [Warning] [omni.isaac.motion_generation.trajectory] omni.isaac.motion_generation has been deprecated in favor of isaacsim.robot_motion.motion_generation. Please update your code accordingly.
2026-03-16T13:45:14Z [3,344ms] [Warning] [omni.isaac.motion_generation.world_interface] omni.isaac.motion_generation has been deprecated in favor of isaacsim.robot_motion.motion_generation. Please update your code accordingly.
[3.358s] [ext: omni.isaac.assets_check-0.3.13] startup
2026-03-16T13:45:14Z [3,348ms] [Warning] [omni.isaac.assets_check] omni.isaac.assets_check has been deprecated in favor of isaacsim.asset.browser. Please update your code accordingly.
[3.361s] [ext: isaacsim.gui.sensors.icon-2.0.3] startup
[3.372s] [ext: isaacsim.asset.importer.mjcf-2.5.13] startup
[3.377s] [ext: omni.sensors.nv.common-3.0.0] startup
[3.387s] [ext: isaacsim.sensors.physics-0.4.3] startup
[3.392s] [ext: omni.sensors.net-1.0.0] startup
[3.396s] [ext: omni.isaac.nucleus-1.0.6] startup
2026-03-16T13:45:14Z [3,383ms] [Warning] [omni.isaac.nucleus] omni.isaac.nucleus has been deprecated in favor of isaacsim.storage.native. Please update your code accordingly.
2026-03-16T13:45:14Z [3,383ms] [Warning] [omni.isaac.nucleus.nucleus] omni.isaac.nucleus.nucleus has been deprecated in favor of isaacsim.storage.native. Please update your code accordingly.
[3.397s] [ext: omni.sensors.nv.materials-2.0.0] startup
[3.404s] [ext: isaacsim.robot.policy.examples-4.1.11] startup
[3.408s] [ext: omni.sensors.nv.wpm-3.0.0] startup
[3.412s] [ext: omni.sensors.nv.lidar-3.0.0] startup
[3.419s] [ext: isaacsim.util.debug_draw-3.1.0] startup
[3.422s] [ext: omni.sensors.nv.radar-3.0.0] startup
[3.426s] [ext: omni.sensors.nv.ids-2.0.0] startup
[3.428s] [ext: isaacsim.core.cloner-1.4.10] startup
[3.429s] [ext: isaacsim.sensors.physx-2.3.2] startup
[3.433s] [ext: isaacsim.sensors.rtx-15.8.4] startup
[3.442s] [ext: isaacsim.sensors.camera-1.3.6] startup
[3.449s] [ext: omni.isaac.quadruped-3.0.7] startup
2026-03-16T13:45:14Z [3,439ms] [Warning] [omni.isaac.quadruped] omni.isaac.quadruped has been deprecated in favor of isaacsim.robot.policy.examples. Please update your code accordingly.
[3.454s] [ext: omni.isaac.cloner-1.0.7] startup
2026-03-16T13:45:14Z [3,442ms] [Warning] [omni.isaac.cloner] omni.isaac.cloner has been deprecated in favor of isaacsim.core.cloner. Please update your code accordingly.
[3.457s] [ext: omni.isaac.range_sensor-4.0.6] startup
2026-03-16T13:45:14Z [3,446ms] [Warning] [omni.isaac.range_sensor] omni.isaac.range_sensor has been deprecated in favor of isaacsim.sensors.physx. Please update your code accordingly.
2026-03-16T13:45:14Z [3,448ms] [Warning] [omni.isaac.range_sensor.commands] omni.isaac.range_sensor.commands has been deprecated in favor of isaacsim.sensors.physx.commands. Please update your code accordingly.
[3.462s] [ext: omni.isaac.sensor-13.0.7] startup
2026-03-16T13:45:14Z [3,451ms] [Warning] [omni.isaac.sensor] omni.isaac.sensor has been deprecated in favor of isaacsim.sensors.camera, isaacsim.sensors.physics, isaacsim.sensors.physx, and isaacsim.sensors.rtx. Please update your code accordingly.
2026-03-16T13:45:14Z [3,453ms] [Warning] [omni.isaac.sensor.camera] omni.isaac.sensor.camera has been deprecated in favor of isaacsim.sensors.camera.camera. Please update your code accordingly.
2026-03-16T13:45:14Z [3,453ms] [Warning] [omni.isaac.sensor.camera_view] omni.isaac.sensor.camera_view has been deprecated in favor of isaacsim.sensors.camera.camera_view. Please update your code accordingly.
2026-03-16T13:45:14Z [3,453ms] [Warning] [omni.isaac.sensor.commands] omni.isaac.sensor.commands has been deprecated in favor of isaacsim.sensors.physics.commands, isaacsim.sensors.physx.commands, and isaacsim.sensors.rtx.commands. Please update your code accordingly.
2026-03-16T13:45:14Z [3,453ms] [Warning] [omni.isaac.sensor.contact_sensor] omni.isaac.sensor.contact_sensor has been deprecated in favor of isaacsim.sensors.physics.contact_sensor. Please update your code accordingly.
2026-03-16T13:45:14Z [3,453ms] [Warning] [omni.isaac.sensor.imu_sensor] omni.isaac.sensor.imu_sensor has been deprecated in favor of isaacsim.sensors.physics.imu_sensor. Please update your code accordingly.
2026-03-16T13:45:14Z [3,453ms] [Warning] [omni.isaac.sensor.lidar_rtx] omni.isaac.sensor.lidar_rtx has been deprecated in favor of isaacsim.sensors.rtx.lidar_rtx. Please update your code accordingly.
2026-03-16T13:45:14Z [3,453ms] [Warning] [omni.isaac.sensor.rotating_lidar_physX] omni.isaac.sensor.imu_sensor has been deprecated in favor of isaacsim.sensors.physix.rotating_lidar_physX. Please update your code accordingly.
2026-03-16T13:45:14Z [3,454ms] [Warning] [omni.isaac.sensor.scripts.samples.contact_sensor] omni.isaac.sensor.scripts.samples.contact_sensor has been deprecated in favor of isaacsim.sensors.physics.scripts.samples.contact_sensor. Please update your code accordingly.
2026-03-16T13:45:14Z [3,454ms] [Warning] [omni.isaac.sensor.scripts.samples.imu_sensor] omni.isaac.sensor.scripts.samples.imu_sensor has been deprecated in favor of isaacsim.sensors.physics.scripts.samples.imu_sensor. Please update your code accordingly.
2026-03-16T13:45:14Z [3,454ms] [Warning] [omni.isaac.sensor.scripts.samples.lightbeam_sensor] omni.isaac.sensor.scripts.samples.lightbeam_sensor has been deprecated in favor of isaacsim.sensors.physx.scripts.samples.lightbeam_sensor. Please update your code accordingly.
[3.468s] [ext: omni.kit.menu.create-2.0.1] startup
[3.472s] [ext: omni.kit.widget.toolbar-2.0.1] startup
[3.483s] [ext: omni.kit.manipulator.transform-107.0.0] startup
[3.487s] [ext: omni.isaac.core-4.0.7] startup
2026-03-16T13:45:14Z [3,475ms] [Warning] [omni.isaac.core.physics_context.physics_context] omni.isaac.core.physics_context.physics_context has been deprecated in favor of isaacsim.core.api.physics_context.physics_context. Please update your code accordingly.
2026-03-16T13:45:14Z [3,475ms] [Warning] [omni.isaac.core.simulation_context.simulation_context] omni.isaac.core.simulation_context.simulation_context has been deprecated in favor of isaacsim.core.api.simulation_context.simulation_context. Please update your code accordingly.
2026-03-16T13:45:14Z [3,475ms] [Warning] [omni.isaac.core.world.world] omni.isaac.core.world.world has been deprecated in favor of isaacsim.core.api.world.world. Please update your code accordingly.
2026-03-16T13:45:14Z [3,475ms] [Warning] [omni.isaac.core] omni.isaac.core has been deprecated in favor of isaacsim.core.api. Please update your code accordingly.
[3.489s] [ext: omni.kit.scripting-107.3.2] startup
[3.494s] [ext: omni.kit.manipulator.tool.snap-1.5.13] startup
[3.499s] [ext: omni.kit.manipulator.selector-1.1.3] startup
[3.500s] [ext: isaacsim.app.about-2.0.11] startup
[3.505s] [ext: isaacsim.replicator.behavior-1.1.16] startup
[3.506s] [ext: omni.kit.viewport.manipulator.transform-107.0.4] startup
[3.508s] [ext: omni.isaac.window.about-2.0.7] startup
2026-03-16T13:45:14Z [3,496ms] [Warning] [omni.isaac.window.about] omni.isaac.window.about has been deprecated in favor of isaacsim.app.about. Please update your code accordingly.
2026-03-16T13:45:14Z [3,496ms] [Warning] [omni.isaac.window.about.about] omni.isaac.window.about.about has been deprecated in favor of isaacsim.app.about.about. Please update your code accordingly.
[3.510s] [ext: omni.fabric.commands-1.1.6] startup
[3.512s] [ext: omni.kit.manipulator.prim.core-107.0.8] startup
[3.517s] [ext: omni.kit.property.audio-1.0.16] startup
[3.518s] [ext: omni.kit.property.camera-1.0.10] startup
[3.520s] [ext: omni.kit.property.geometry-2.0.4] startup
[3.523s] [ext: omni.hydra.scene_api-0.1.2] startup
[3.527s] [ext: omni.kit.property.light-1.0.12] startup
[3.537s] [ext: omni.kit.manipulator.prim.fabric-107.0.4] startup
[3.540s] [ext: omni.kit.manipulator.prim.usd-107.0.3] startup
[3.542s] [ext: omni.kit.property.material-1.11.9] startup
[3.547s] [ext: omni.kit.property.render-1.2.1] startup
[3.548s] [ext: omni.kit.property.transform-1.5.13] startup
[3.551s] [ext: isaacsim.gui.property-1.1.3] startup
[3.553s] [ext: omni.kit.manipulator.camera-106.0.4] startup
[3.557s] [ext: omni.kit.manipulator.prim-107.0.0] startup
[3.557s] [ext: omni.isaac.surface_gripper-2.0.6] startup
2026-03-16T13:45:14Z [3,544ms] [Warning] [omni.isaac.surface_gripper] omni.isaac.surface_gripper has been deprecated in favor of isaacsim.robot.surface_gripper. Please update your code accordingly.
[3.557s] [ext: omni.kit.manipulator.selection-106.0.1] startup
[3.560s] [ext: omni.kit.property.bundle-1.4.1] startup
[3.561s] [ext: omni.kit.property.isaac-1.0.6] startup
2026-03-16T13:45:14Z [3,548ms] [Warning] [omni.kit.property.isaac] omni.kit.property.isaac has been deprecated in favor of isaacsim.gui.property. Please update your code accordingly.
2026-03-16T13:45:14Z [3,548ms] [Warning] [omni.kit.property.isaac.widgets] omni.kit.property.isaac.widgets has been deprecated in favor of isaacsim.gui.property.widgets. Please update your code accordingly.
[3.562s] [ext: omni.isaac.universal_robots-1.0.6] startup
2026-03-16T13:45:14Z [3,549ms] [Warning] [omni.isaac.universal_robots] omni.isaac.universal_robots has been deprecated in favor of isaacsim.robot.manipulators.examples.universal_robots. Please update your code accordingly.
2026-03-16T13:45:14Z [3,549ms] [Warning] [omni.isaac.universal_robots.kinematics_solver] omni.isaac.franka has been deprecated in favor of isaacsim.robot.manipulators.examples.universal_robots. Please update your code accordingly.
2026-03-16T13:45:14Z [3,550ms] [Warning] [omni.isaac.universal_robots.ur10] omni.isaac.franka has been deprecated in favor of isaacsim.robot.manipulators.examples.universal_robots. Please update your code accordingly.
[3.563s] [ext: omni.isaac.core_nodes-2.0.6] startup
2026-03-16T13:45:14Z [3,552ms] [Warning] [omni.isaac.core_nodes] omni.isaac.core_nodes has been deprecated in favor of isaacsim.core.nodes. Please update your code accordingly.
[3.566s] [ext: omni.kit.viewport.menubar.camera-107.0.6] startup
[3.573s] [ext: omni.kit.viewport.menubar.lighting-107.3.1] startup
[3.575s] [ext: isaacsim.replicator.writers-1.0.17] startup
[3.586s] [ext: omni.kit.viewport.menubar.render-107.0.10] startup
[3.592s] [ext: omni.kit.viewport.menubar.settings-107.0.3] startup
[3.600s] [ext: omni.kit.window.console-1.1.4] startup
[3.604s] [ext: isaacsim.replicator.domain_randomization-1.0.16] startup
[3.606s] [ext: isaacsim.replicator.examples-1.3.6] startup
[3.609s] [ext: omni.ocio-0.1.1] startup
[3.612s] [ext: omni.rtx.window.settings-0.6.19] startup
[3.622s] [ext: omni.kit.window.status_bar-0.1.9] startup
[3.630s] [ext: omni.kit.window.toolbar-2.0.0] startup
[3.634s] [ext: omni.replicator.isaac-2.0.8] startup
2026-03-16T13:45:14Z [3,622ms] [Warning] [omni.replicator.isaac] omni.replicator.isaac has been deprecated in favor of isaacsim.replicator.domain_randomization, isaacsim.replicator.examples, isaacsim.replicator.writers. Please update your code accordingly.
[3.637s] [ext: omni.replicator.replicator_yaml-2.0.11] startup
[3.641s] [ext: omni.rtx.settings.core-0.6.5] startup
[3.646s] [ext: omni.usd.metrics.assembler.ui-107.3.1] startup
[3.656s] [ext: omni.isaac.utils-2.0.6] startup
[3.657s] [ext: semantics.schema.editor-2.0.2] startup
[3.662s] [ext: omni.kit.ui.actions-1.0.5] startup
[3.663s] [ext: semantics.schema.property-2.0.1] startup
[3.664s] [ext: omni.isaac.version-2.0.7] startup
2026-03-16T13:45:14Z [3,652ms] [Warning] [omni.isaac.version] omni.isaac.version has been deprecated in favor of isaacsim.core.version. Please update your code accordingly.
[3.666s] [ext: omni.isaac.cortex-1.0.5] startup
[3.666s] [ext: omni.anim.curve.core-1.3.1] startup
[3.675s] [ext: isaacsim.core.throttling-2.2.2] startup
[3.677s] [ext: omni.kit.menu.common-2.0.1] startup
[3.679s] [ext: isaacsim.exp.base-5.1.0] startup
[3.680s] [ext: isaacsim.exp.base.python-5.1.0] startup
[3.681s] Simulation App Starting
2026-03-16T13:45:14Z [3,768ms] [Warning] [omni.fabric.plugin] Warning: attribute viewPickingId not found for bucket id 9

[3.823s] app ready
[Train] Run directory: outputs/randomized/mlp_full/seed_42/20260316_204510
[Train] Run ID: 20260316_204510_dynamite_randomized_mlp_full_seed42
[Train] Device: cuda
[Train] GPU: NVIDIA GeForce RTX 4060 Laptop GPU
[Train] GPU Memory: 7805 MB
Starting kit application with the following args:  ['/home/chyanin/miniconda3/envs/env_isaaclab/lib/python3.11/site-packages/isaacsim/exts/isaacsim.simulation_app/isaacsim/simulation_app/simulation_app.py', '/home/chyanin/miniconda3/envs/env_isaaclab/lib/python3.11/site-packages/isaacsim/apps/isaacsim.exp.base.python.kit', '--/app/tokens/exe-path=/home/chyanin/miniconda3/envs/env_isaaclab/lib/python3.11/site-packages/isaacsim/kit', '--/persistent/app/viewport/displayOptions=3094', '--/rtx/materialDb/syncLoads=True', '--/rtx/hydra/materialSyncLoads=True', '--/omni.kit.plugin/syncUsdLoads=True', '--/app/renderer/resolution/width=1280', '--/app/renderer/resolution/height=720', '--/app/window/width=1440', '--/app/window/height=900', '--/renderer/multiGpu/enabled=True', '--/app/fastShutdown=True', '--/app/installSignalHandlers=0', '--ext-folder', '/home/chyanin/miniconda3/envs/env_isaaclab/lib/python3.11/site-packages/isaacsim/exts', '--ext-folder', '/home/chyanin/miniconda3/envs/env_isaaclab/lib/python3.11/site-packages/isaacsim/apps', '--/physics/cudaDevice=0', '--/plugins/carb.tasking.plugin/threadCount=16', '--/plugins/omni.tbb.globalcontrol/maxThreadCount=16', '--portable', '--no-window', '--/app/window/hideUi=1']
Passing the following args to the base kit application:  ['--task', 'configs/task/randomized.yaml', '--model', 'configs/model/mlp.yaml', '--seed', '42', '--variant', 'full', '--headless']
Warp 1.8.2 initialized:
   CUDA Toolkit 12.8, Driver 13.0
   Devices:
     "cpu"      : "x86_64"
     "cuda:0"   : "NVIDIA GeForce RTX 4060 Laptop GPU" (8 GiB, sm_89, mempool enabled)
   Kernel cache:
     /home/chyanin/.cache/warp/1.8.2
Warp DeprecationWarning: The `warp.sim` module is deprecated and will be removed in v1.10. Please transition to using the forthcoming Newton library instead.
[Sim] SimulationApp created (headless=True)
[Sim] Set nucleus cloud root to: https://omniverse-content-production.s3-us-west-2.amazonaws.com/Assets/Isaac/5.1
[INFO]: Parsing configuration from: isaaclab_tasks.manager_based.locomotion.velocity.config.g1.rough_env_cfg:G1RoughEnvCfg

[36m======================================================================================[0m
[36m[1m[INFO][IsaacLab]: Logging to file: /tmp/isaaclab/logs/isaaclab_2026-03-16_20-45-17.log[0m
[36m======================================================================================[0m

[33m20:45:17 [simulation_context.py] WARNING: The `enable_external_forces_every_iteration` parameter in the PhysxCfg is set to False. If you are experiencing noisy velocities, consider enabling this flag. You may need to slightly increase the number of velocity iterations (setting it to 1 or 2 rather than 0), together with this flag, to improve the accuracy of velocity updates.[0m
[INFO]: Base environment:
	Environment device    : cuda:0
	Environment seed      : None
	Physics step-size     : 0.005
	Rendering step-size   : 0.02
	Environment step-size : 0.02
[INFO] Generating terrains based on curriculum took : 1.224201 seconds
[INFO]: Time taken for scene creation : 5.667586 seconds
[INFO]: Scene manager:  <class InteractiveScene>
	Number of environments: 512
	Environment spacing   : 2.5
	Source prim name      : /World/envs/env_0
	Global prim paths     : ['/World/ground']
	Replicate physics     : True
[INFO]: Starting the simulation. This may take a few seconds. Please wait...
[INFO]: Time taken for simulation start : 3.233501 seconds
[INFO] Command Manager:  <CommandManager> contains 1 active terms.
+------------------------------------------------+
|              Active Command Terms              |
+-------+---------------+------------------------+
| Index | Name          |          Type          |
+-------+---------------+------------------------+
|   0   | base_velocity | UniformVelocityCommand |
+-------+---------------+------------------------+

[INFO] Event Manager:  <EventManager> contains 2 active terms.
+--------------------------------------+
| Active Event Terms in Mode: 'startup' |
+----------+---------------------------+
|  Index   | Name                      |
+----------+---------------------------+
|    0     | physics_material          |
+----------+---------------------------+
+---------------------------------------+
|  Active Event Terms in Mode: 'reset'  |
+--------+------------------------------+
| Index  | Name                         |
+--------+------------------------------+
|   0    | base_external_force_torque   |
|   1    | reset_base                   |
|   2    | reset_robot_joints           |
+--------+------------------------------+

[INFO] Recorder Manager:  <RecorderManager> contains 0 active terms.
+---------------------+
| Active Recorder Terms |
+-----------+---------+
|   Index   | Name    |
+-----------+---------+
+-----------+---------+

[INFO] Action Manager:  <ActionManager> contains 1 active terms.
+------------------------------------+
|  Active Action Terms (shape: 37)   |
+--------+-------------+-------------+
| Index  | Name        |   Dimension |
+--------+-------------+-------------+
|   0    | joint_pos   |          37 |
+--------+-------------+-------------+

[INFO] Observation Manager: <ObservationManager> contains 1 groups.
+----------------------------------------------------------+
| Active Observation Terms in Group: 'policy' (shape: (310,)) |
+-----------+--------------------------------+-------------+
|   Index   | Name                           |    Shape    |
+-----------+--------------------------------+-------------+
|     0     | base_lin_vel                   |     (3,)    |
|     1     | base_ang_vel                   |     (3,)    |
|     2     | projected_gravity              |     (3,)    |
|     3     | velocity_commands              |     (3,)    |
|     4     | joint_pos                      |    (37,)    |
|     5     | joint_vel                      |    (37,)    |
|     6     | actions                        |    (37,)    |
|     7     | height_scan                    |    (187,)   |
+-----------+--------------------------------+-------------+

[INFO] Termination Manager:  <TerminationManager> contains 2 active terms.
+---------------------------------+
|     Active Termination Terms    |
+-------+--------------+----------+
| Index | Name         | Time Out |
+-------+--------------+----------+
|   0   | time_out     |   True   |
|   1   | base_contact |  False   |
+-------+--------------+----------+

[INFO] Reward Manager:  <RewardManager> contains 16 active terms.
+---------------------------------------------+
|             Active Reward Terms             |
+-------+-------------------------+-----------+
| Index | Name                    |    Weight |
+-------+-------------------------+-----------+
|   0   | track_lin_vel_xy_exp    |       1.0 |
|   1   | track_ang_vel_z_exp     |       2.0 |
|   2   | lin_vel_z_l2            |       0.0 |
|   3   | ang_vel_xy_l2           |     -0.05 |
|   4   | dof_torques_l2          |  -1.5e-07 |
|   5   | dof_acc_l2              | -1.25e-07 |
|   6   | action_rate_l2          |    -0.005 |
|   7   | feet_air_time           |      0.25 |
|   8   | flat_orientation_l2     |      -1.0 |
|   9   | dof_pos_limits          |      -1.0 |
|   10  | termination_penalty     |    -200.0 |
|   11  | feet_slide              |      -0.1 |
|   12  | joint_deviation_hip     |      -0.1 |
|   13  | joint_deviation_arms    |      -0.1 |
|   14  | joint_deviation_fingers |     -0.05 |
|   15  | joint_deviation_torso   |      -0.1 |
+-------+-------------------------+-----------+

[INFO] Curriculum Manager:  <CurriculumManager> contains 1 active terms.
+---------------------------+
|  Active Curriculum Terms  |
+--------+------------------+
| Index  | Name             |
+--------+------------------+
|   0    | terrain_levels   |
+--------+------------------+

[INFO]: Completed setting up the environment...
[Env] Created Isaac-Velocity-Rough-G1-v0  (num_envs=512)
[Env] Auto-detected dims: obs=310, act=37 (cmd & prev_action already in obs)
[Model] Built mlp with 361,547 parameters
[Train] Starting training: mlp on randomized
[Train] Variant: full | Seed: 42
[Train] Total timesteps: 2,000,000
[Train] Starting training: 162 iterations, 2,000,000 total timesteps
[20:45:37][dynamite][INFO] [step 122880] iteration: 10 | global_step: 122880 | reward/mean: -12.7978 | reward/std: 2.4312 | perf/fps: 13292.7476 | perf/gpu_mem_mb: 53
[20:45:45][dynamite][INFO] [step 245760] iteration: 20 | global_step: 245760 | reward/mean: -12.7886 | reward/std: 2.3876 | perf/fps: 15884.2296 | perf/gpu_mem_mb: 53
[20:45:53][dynamite][INFO] [step 368640] iteration: 30 | global_step: 368640 | reward/mean: -12.6423 | reward/std: 2.3141 | perf/fps: 15948.6267 | perf/gpu_mem_mb: 53
[20:46:01][dynamite][INFO] [step 491520] iteration: 40 | global_step: 491520 | reward/mean: -12.6046 | reward/std: 2.4375 | perf/fps: 15852.1614 | perf/gpu_mem_mb: 53
[20:46:08][dynamite][INFO] [step 614400] iteration: 50 | global_step: 614400 | reward/mean: -12.3248 | reward/std: 2.3092 | perf/fps: 15891.6531 | perf/gpu_mem_mb: 53
[20:46:09][dynamite][INFO] [step 614400] eval/reward_mean: -9.9753
[20:46:17][dynamite][INFO] [step 737280] iteration: 60 | global_step: 737280 | reward/mean: -11.8263 | reward/std: 2.4525 | perf/fps: 14244.8983 | perf/gpu_mem_mb: 53
[20:46:25][dynamite][INFO] [step 860160] iteration: 70 | global_step: 860160 | reward/mean: -11.8069 | reward/std: 2.1676 | perf/fps: 15721.9977 | perf/gpu_mem_mb: 53
[20:46:33][dynamite][INFO] [step 983040] iteration: 80 | global_step: 983040 | reward/mean: -11.4534 | reward/std: 2.2953 | perf/fps: 15755.6725 | perf/gpu_mem_mb: 53
[20:46:40][dynamite][INFO] [step 1105920] iteration: 90 | global_step: 1105920 | reward/mean: -10.8508 | reward/std: 2.0991 | perf/fps: 15646.5329 | perf/gpu_mem_mb: 53
[20:46:48][dynamite][INFO] [step 1228800] iteration: 100 | global_step: 1228800 | reward/mean: -10.0204 | reward/std: 1.8056 | perf/fps: 15687.7526 | perf/gpu_mem_mb: 53
[20:46:49][dynamite][INFO] [step 1228800] eval/reward_mean: -9.9053
[20:46:57][dynamite][INFO] [step 1351680] iteration: 110 | global_step: 1351680 | reward/mean: -9.3745 | reward/std: 1.6401 | perf/fps: 14189.3138 | perf/gpu_mem_mb: 53
[20:47:05][dynamite][INFO] [step 1474560] iteration: 120 | global_step: 1474560 | reward/mean: -8.9428 | reward/std: 1.1196 | perf/fps: 15451.8098 | perf/gpu_mem_mb: 53
[20:47:13][dynamite][INFO] [step 1597440] iteration: 130 | global_step: 1597440 | reward/mean: -8.6829 | reward/std: 0.9711 | perf/fps: 15490.6849 | perf/gpu_mem_mb: 53
[20:47:21][dynamite][INFO] [step 1720320] iteration: 140 | global_step: 1720320 | reward/mean: -8.4556 | reward/std: 0.8882 | perf/fps: 15249.5366 | perf/gpu_mem_mb: 53
[20:47:29][dynamite][INFO] [step 1843200] iteration: 150 | global_step: 1843200 | reward/mean: -8.2615 | reward/std: 0.8543 | perf/fps: 15367.4230 | perf/gpu_mem_mb: 53
[20:47:30][dynamite][INFO] [step 1843200] eval/reward_mean: -9.4736
[20:47:38][dynamite][INFO] [step 1966080] iteration: 160 | global_step: 1966080 | reward/mean: -8.0968 | reward/std: 1.0287 | perf/fps: 14136.2893 | perf/gpu_mem_mb: 53
[6.140s] Simulation App Startup Complete
2026-03-16T13:45:17Z [7,064ms] [Warning] [isaaclab.envs.manager_based_env] Seed not set for the environment. The environment creation may not be deterministic.
[7.089s] [ext: omni.physx.fabric-107.3.26] startup
2026-03-16T13:45:28Z [17,828ms] [Warning] [omni.physx.fabric.plugin] FabricManager::initializePointInstancer mismatched prototypes on point instancer: /Visuals/Command/velocity_goal.
2026-03-16T13:45:28Z [17,828ms] [Warning] [omni.physx.fabric.plugin] FabricManager::initializePointInstancer mismatched prototypes on point instancer: /Visuals/Command/velocity_current.
[149.777s] Simulation App Shutting Down
