nohup: ignoring input
══════════════════════════════════════════════════════════════
  OOD EVALUATION CAMPAIGN
  Start: 2026-03-20T10:50:12+07:00
══════════════════════════════════════════════════════════════

── MUST-DO 1: Behavioral metrics on existing sweeps (randomized) ──
  [RUN] M1: mlp s42 friction
  [OK]  M1: mlp s42 friction
  task.domain_randomization.friction_range=[0.5, 0.5]: reward=-5.9  fail=1.00  track_err=2.55
  task.domain_randomization.friction_range=[0.3, 0.3]: reward=-5.8  fail=1.00  track_err=2.59
  task.domain_randomization.friction_range=[0.1, 0.1]: reward=-5.6  fail=1.00  track_err=2.54
  [RUN] M1: mlp s42 push_magnitude
  [OK]  M1: mlp s42 push_magnitude
  task.domain_randomization.push_vel_range=[2.0, 3.0]: reward=-6.3  fail=1.00  track_err=3.34
  task.domain_randomization.push_vel_range=[3.0, 5.0]: reward=-6.6  fail=1.00  track_err=4.63
  task.domain_randomization.push_vel_range=[5.0, 8.0]: reward=-6.8  fail=1.00  track_err=6.88
  [RUN] M1: mlp s42 action_delay
  [OK]  M1: mlp s42 action_delay
  task.domain_randomization.action_delay_range=[2, 2]: reward=-6.3  fail=1.00  track_err=2.55
  task.domain_randomization.action_delay_range=[3, 3]: reward=-6.2  fail=1.00  track_err=2.52
  task.domain_randomization.action_delay_range=[5, 5]: reward=-6.3  fail=1.00  track_err=2.50
  [RUN] M1: mlp s43 friction
  [OK]  M1: mlp s43 friction
  task.domain_randomization.friction_range=[0.5, 0.5]: reward=-4.7  fail=1.00  track_err=2.58
  task.domain_randomization.friction_range=[0.3, 0.3]: reward=-4.6  fail=1.00  track_err=2.65
  task.domain_randomization.friction_range=[0.1, 0.1]: reward=-4.6  fail=1.00  track_err=2.57
  [RUN] M1: mlp s43 push_magnitude
  [OK]  M1: mlp s43 push_magnitude
  task.domain_randomization.push_vel_range=[2.0, 3.0]: reward=-4.7  fail=1.00  track_err=3.27
  task.domain_randomization.push_vel_range=[3.0, 5.0]: reward=-4.7  fail=1.00  track_err=4.30
  task.domain_randomization.push_vel_range=[5.0, 8.0]: reward=-5.0  fail=1.00  track_err=6.56
  [RUN] M1: mlp s43 action_delay
  [OK]  M1: mlp s43 action_delay
  task.domain_randomization.action_delay_range=[2, 2]: reward=-4.7  fail=1.00  track_err=2.51
  task.domain_randomization.action_delay_range=[3, 3]: reward=-4.6  fail=1.00  track_err=2.62
  task.domain_randomization.action_delay_range=[5, 5]: reward=-4.7  fail=1.00  track_err=2.53
  [RUN] M1: mlp s44 friction
  [OK]  M1: mlp s44 friction
  task.domain_randomization.friction_range=[0.5, 0.5]: reward=-5.9  fail=1.00  track_err=2.66
  task.domain_randomization.friction_range=[0.3, 0.3]: reward=-5.9  fail=1.00  track_err=2.77
  task.domain_randomization.friction_range=[0.1, 0.1]: reward=-5.9  fail=1.00  track_err=2.87
  [RUN] M1: mlp s44 push_magnitude
  [OK]  M1: mlp s44 push_magnitude
  task.domain_randomization.push_vel_range=[2.0, 3.0]: reward=-6.2  fail=1.00  track_err=3.56
  task.domain_randomization.push_vel_range=[3.0, 5.0]: reward=-6.2  fail=1.00  track_err=4.76
  task.domain_randomization.push_vel_range=[5.0, 8.0]: reward=-5.8  fail=1.00  track_err=6.22
  [RUN] M1: mlp s44 action_delay
  [OK]  M1: mlp s44 action_delay
  task.domain_randomization.action_delay_range=[2, 2]: reward=-5.9  fail=1.00  track_err=2.75
  task.domain_randomization.action_delay_range=[3, 3]: reward=-6.0  fail=1.00  track_err=2.72
  task.domain_randomization.action_delay_range=[5, 5]: reward=-6.0  fail=1.00  track_err=2.64
  [RUN] M1: mlp s45 friction
  [OK]  M1: mlp s45 friction
  task.domain_randomization.friction_range=[0.5, 0.5]: reward=-5.4  fail=1.00  track_err=2.62
  task.domain_randomization.friction_range=[0.3, 0.3]: reward=-5.2  fail=1.00  track_err=2.74
  task.domain_randomization.friction_range=[0.1, 0.1]: reward=-5.2  fail=1.00  track_err=2.70
  [RUN] M1: mlp s45 push_magnitude
  [OK]  M1: mlp s45 push_magnitude
  task.domain_randomization.push_vel_range=[2.0, 3.0]: reward=-5.4  fail=1.00  track_err=3.26
  task.domain_randomization.push_vel_range=[3.0, 5.0]: reward=-5.6  fail=1.00  track_err=4.29
  task.domain_randomization.push_vel_range=[5.0, 8.0]: reward=-5.8  fail=1.00  track_err=6.20
  [RUN] M1: mlp s45 action_delay
  [OK]  M1: mlp s45 action_delay
  task.domain_randomization.action_delay_range=[2, 2]: reward=-5.4  fail=1.00  track_err=2.61
  task.domain_randomization.action_delay_range=[3, 3]: reward=-5.4  fail=1.00  track_err=2.60
  task.domain_randomization.action_delay_range=[5, 5]: reward=-5.3  fail=1.00  track_err=2.60
  [RUN] M1: mlp s46 friction
  [OK]  M1: mlp s46 friction
  task.domain_randomization.friction_range=[0.5, 0.5]: reward=-5.8  fail=1.00  track_err=2.60
  task.domain_randomization.friction_range=[0.3, 0.3]: reward=-5.7  fail=1.00  track_err=2.60
  task.domain_randomization.friction_range=[0.1, 0.1]: reward=-5.8  fail=1.00  track_err=2.66
  [RUN] M1: mlp s46 push_magnitude
  [OK]  M1: mlp s46 push_magnitude
  task.domain_randomization.push_vel_range=[2.0, 3.0]: reward=-6.1  fail=1.00  track_err=3.19
  task.domain_randomization.push_vel_range=[3.0, 5.0]: reward=-6.4  fail=1.00  track_err=4.42
  task.domain_randomization.push_vel_range=[5.0, 8.0]: reward=-6.4  fail=1.00  track_err=6.46
  [RUN] M1: mlp s46 action_delay
  [OK]  M1: mlp s46 action_delay
  task.domain_randomization.action_delay_range=[2, 2]: reward=-6.7  fail=1.00  track_err=2.51
  task.domain_randomization.action_delay_range=[3, 3]: reward=-6.4  fail=1.00  track_err=2.54
  task.domain_randomization.action_delay_range=[5, 5]: reward=-6.2  fail=1.00  track_err=2.64
  [RUN] M1: lstm s42 friction
  [OK]  M1: lstm s42 friction
  task.domain_randomization.friction_range=[0.5, 0.5]: reward=-4.1  fail=1.00  track_err=2.04
  task.domain_randomization.friction_range=[0.3, 0.3]: reward=-4.2  fail=1.00  track_err=2.26
  task.domain_randomization.friction_range=[0.1, 0.1]: reward=-4.3  fail=1.00  track_err=1.89
  [RUN] M1: lstm s42 push_magnitude
  [OK]  M1: lstm s42 push_magnitude
  task.domain_randomization.push_vel_range=[2.0, 3.0]: reward=-4.4  fail=1.00  track_err=2.96
  task.domain_randomization.push_vel_range=[3.0, 5.0]: reward=-4.7  fail=1.00  track_err=4.22
  task.domain_randomization.push_vel_range=[5.0, 8.0]: reward=-5.0  fail=1.00  track_err=6.67
  [RUN] M1: lstm s42 action_delay
  [OK]  M1: lstm s42 action_delay
  task.domain_randomization.action_delay_range=[2, 2]: reward=-4.1  fail=1.00  track_err=2.00
  task.domain_randomization.action_delay_range=[3, 3]: reward=-4.1  fail=1.00  track_err=1.99
  task.domain_randomization.action_delay_range=[5, 5]: reward=-4.2  fail=1.00  track_err=1.98
  [RUN] M1: lstm s43 friction
  [OK]  M1: lstm s43 friction
  task.domain_randomization.friction_range=[0.5, 0.5]: reward=-4.1  fail=1.00  track_err=2.03
  task.domain_randomization.friction_range=[0.3, 0.3]: reward=-4.1  fail=1.00  track_err=2.02
  task.domain_randomization.friction_range=[0.1, 0.1]: reward=-4.2  fail=1.00  track_err=2.01
  [RUN] M1: lstm s43 push_magnitude
  [OK]  M1: lstm s43 push_magnitude
  task.domain_randomization.push_vel_range=[2.0, 3.0]: reward=-4.4  fail=1.00  track_err=3.03
  task.domain_randomization.push_vel_range=[3.0, 5.0]: reward=-4.6  fail=1.00  track_err=4.23
  task.domain_randomization.push_vel_range=[5.0, 8.0]: reward=-5.0  fail=1.00  track_err=6.36
  [RUN] M1: lstm s43 action_delay
  [OK]  M1: lstm s43 action_delay
  task.domain_randomization.action_delay_range=[2, 2]: reward=-4.2  fail=1.00  track_err=1.93
  task.domain_randomization.action_delay_range=[3, 3]: reward=-4.2  fail=1.00  track_err=1.95
  task.domain_randomization.action_delay_range=[5, 5]: reward=-4.1  fail=1.00  track_err=2.06
  [RUN] M1: lstm s44 friction
  [OK]  M1: lstm s44 friction
  task.domain_randomization.friction_range=[0.5, 0.5]: reward=-4.3  fail=1.00  track_err=2.06
  task.domain_randomization.friction_range=[0.3, 0.3]: reward=-4.3  fail=1.00  track_err=2.13
  task.domain_randomization.friction_range=[0.1, 0.1]: reward=-4.4  fail=1.00  track_err=2.12
  [RUN] M1: lstm s44 push_magnitude
  [OK]  M1: lstm s44 push_magnitude
  task.domain_randomization.push_vel_range=[2.0, 3.0]: reward=-4.5  fail=1.00  track_err=3.10
  task.domain_randomization.push_vel_range=[3.0, 5.0]: reward=-4.7  fail=1.00  track_err=4.27
  task.domain_randomization.push_vel_range=[5.0, 8.0]: reward=-5.3  fail=1.00  track_err=6.07
  [RUN] M1: lstm s44 action_delay
