  [RUN] dynamite seed=42 ...
    [OK] non_fall_rate=0.00
  [RUN] dynamite seed=43 ...
    [OK] non_fall_rate=0.00
  [RUN] dynamite seed=44 ...
    [OK] non_fall_rate=0.00
  [RUN] dynamite seed=45 ...
    [OK] non_fall_rate=0.00
  [RUN] dynamite seed=46 ...
    [OK] non_fall_rate=0.00
  [RUN] lstm seed=42 ...
    [OK] non_fall_rate=0.02
  [RUN] lstm seed=43 ...
    [OK] non_fall_rate=0.04
  [RUN] lstm seed=44 ...
    [OK] non_fall_rate=0.00
  [RUN] lstm seed=45 ...
    [OK] non_fall_rate=0.00
  [RUN] lstm seed=46 ...
    [OK] non_fall_rate=0.04
  [RUN] transformer seed=42 ...
    [OK] non_fall_rate=0.00
  [RUN] transformer seed=43 ...
    [OK] non_fall_rate=0.00
  [RUN] transformer seed=44 ...
    [OK] non_fall_rate=0.00
  [RUN] transformer seed=45 ...
    [OK] non_fall_rate=0.00
  [RUN] transformer seed=46 ...
    [OK] non_fall_rate=0.00
  [RUN] mlp seed=42 ...
    [OK] non_fall_rate=0.00
  [RUN] mlp seed=43 ...
    [OK] non_fall_rate=0.00
  [RUN] mlp seed=44 ...
    [OK] non_fall_rate=0.00
  [RUN] mlp seed=45 ...
    [OK] non_fall_rate=0.00
  [RUN] mlp seed=46 ...
    [OK] non_fall_rate=0.00
