nohup: ignoring input
══════════════════════════════════════════════════════════════
  MAIN COMPARISON: 4 methods × 4 tasks × 3 seeds = 48 runs
  Start: 2026-03-18T15:01:20+07:00
══════════════════════════════════════════════════════════════

[1/48] RUNNING: flat/mlp_full/seed_42
════════════════════════════════════════════════════════════════
  RUN: flat_mlp_full_seed42
  CMD: python scripts/train.py --task configs/task/flat.yaml --model configs/model/mlp.yaml --seed 42 --variant full --headless
  TIME: 2026-03-18T15:01:20+07:00
  GPU: NVIDIA GeForce RTX 4060 Laptop GPU
════════════════════════════════════════════════════════════════
[Info] [carb] Logging to file: /home/chyanin/miniconda3/envs/env_isaaclab/lib/python3.11/site-packages/isaacsim/kit/logs/Kit/Isaac-Sim Python/5.1/kit_20260318_150122.log
[0.039s] [ext: omni.kit.async_engine-0.0.3] startup
[0.119s] [ext: omni.metrics.core-0.0.3] startup
[0.119s] [ext: omni.client.lib-1.1.0] startup
[0.130s] [ext: omni.blobkey-1.1.2] startup
[0.130s] [ext: omni.stats-1.0.1] startup
[0.131s] [ext: omni.datastore-0.0.0] startup
[0.135s] [ext: omni.client-1.3.0] startup
[0.191s] [ext: omni.ujitso.default-1.0.0] startup
[0.193s] [ext: omni.hsscclient-1.1.2] startup
[0.198s] [ext: omni.gpu_foundation.shadercache.vulkan-1.0.0] startup
[0.199s] [ext: omni.assets.plugins-0.0.0] startup
[0.201s] [ext: omni.gpu_foundation-0.0.0] startup
[0.209s] [ext: carb.windowing.plugins-1.0.0] startup
[0.215s] [ext: omni.kit.renderer.init-0.0.0] startup
2026-03-18T08:01:23Z [425ms] [Warning] [gpu.foundation.plugin] Skipping unsupported non-NVIDIA GPU: AMD Radeon 780M (RADV PHOENIX)
2026-03-18T08:01:23Z [425ms] [Warning] [gpu.foundation.plugin] Skipping unsupported non-NVIDIA GPU: AMD Radeon 780M (RADV PHOENIX)

|---------------------------------------------------------------------------------------------|
| Driver Version: 580.126.09    | Graphics API: Vulkan
|=============================================================================================|
| GPU | Name                             | Active | LDA | GPU Memory | Vendor-ID | LUID       |
|     |                                  |        |     |            | Device-ID | UUID       |
|     |                                  |        |     |            | Bus-ID    |            |
|---------------------------------------------------------------------------------------------|
| 0   | NVIDIA GeForce RTX 4060 Laptop.. | Yes: 0 |     | 8188    MB | 10de      | 0          |
|     |                                  |        |     |            | 28e0      | 78564eae.. |
|     |                                  |        |     |            | 1         |            |
|---------------------------------------------------------------------------------------------|
| 1   | AMD Radeon 780M (RADV PHOENIX)   |        |     | 5396    MB | 1002      | 0          |
|     |                                  |        |     |            | 15bf      | 00000000.. |
|     |                                  |        |     |            | 6         |            |
|=============================================================================================|
| OS: 24.04.3 LTS (Noble Numbat) ubuntu, Version: 24.04.3, Kernel: 6.17.0-19-generic
| XServer Vendor: The X.Org Foundation, XServer Version: 12101011 (1.21.1.11)
| Processor: AMD Ryzen 7 7840HS w/ Radeon 780M Graphics
| Cores: 8 | Logical Cores: 16
|---------------------------------------------------------------------------------------------|
| Total Memory (MB): 15165 | Free Memory: 6057
| Total Page/Swap (MB): 4095 | Free Page/Swap: 4095
|---------------------------------------------------------------------------------------------|
2026-03-18T08:01:23Z [762ms] [Warning] [gpu.foundation.plugin] CPU performance profile is set to powersave. This profile sets the CPU to the lowest frequency reducing performance.
2026-03-18T08:01:23Z [765ms] [Warning] [gpu.foundation.plugin] IOMMU is enabled.
2026-03-18T08:01:23Z [765ms] [Warning] [gpu.foundation.plugin] Detected IOMMU is enabled. Running CUDA peer-to-peer bandwidth and latency validation.
Unidirectional P2P=Enabled Bandwidth (P2P Writes) Matrix (GB/s)
   D\D     0 
     0 198.09 
P2P=Enabled Latency (P2P Writes) Matrix (us)
   GPU     0 
     0   1.29 

   CPU     0 
     0   3.41 
[0.933s] [ext: omni.materialx.libs-1.0.7] startup
[0.939s] [ext: omni.kit.telemetry-0.5.2] startup
[0.965s] [ext: omni.usd.config-1.0.6] startup
[0.969s] [ext: omni.gpucompute.plugins-0.0.0] startup
[0.970s] [ext: omni.usd.libs-1.0.1] startup
[1.089s] [ext: omni.kit.loop-isaac-1.3.7] startup
[1.091s] [ext: omni.kit.test-2.0.1] startup
[1.125s] [ext: omni.mdl-56.0.3] startup
[1.150s] [ext: omni.iray.libs-0.0.0] startup
[1.158s] [ext: omni.mdl.neuraylib-0.2.12] startup
[1.161s] [ext: omni.kit.usd.mdl-1.1.5] startup
[1.278s] [ext: omni.kit.pipapi-0.0.0] startup
[1.279s] [ext: omni.appwindow-1.1.10] startup
[1.281s] [ext: omni.kit.renderer.core-1.1.0] startup
[1.303s] [ext: omni.kit.renderer.capture-0.0.0] startup
[1.305s] [ext: omni.kit.renderer.imgui-2.0.5] startup
[1.364s] [ext: omni.ui-2.27.1] startup
[1.371s] [ext: omni.kit.mainwindow-1.0.3] startup
[1.372s] [ext: carb.audio-0.1.0] startup
[1.378s] [ext: omni.uiaudio-1.0.0] startup
[1.379s] [ext: omni.kit.uiapp-0.0.0] startup
[1.379s] [ext: omni.usd.schema.metrics.assembler-107.3.1] startup
[1.381s] [ext: omni.usd.schema.physx-107.3.26] startup
[1.408s] [ext: omni.usd.schema.geospatial-0.0.0] startup
[1.410s] [ext: omni.usd.schema.audio-0.0.0] startup
[1.412s] [ext: omni.usd.schema.anim-0.0.0] startup
[1.426s] [ext: omni.usd.schema.flow-107.1.1] startup
[1.426s] [ext: omni.usd_resolver-1.0.0] startup
[1.429s] [ext: omni.usd.core-1.5.3] startup
[1.431s] [ext: omni.usd.schema.omni_sensors-0.0.0] startup
[1.442s] [ext: omni.usd.schema.semantics-0.0.0] startup
[1.444s] [ext: omni.usd.schema.omniscripting-1.0.0] startup
[1.447s] [ext: omni.usd.schema.omni_lens_distortion-0.0.0] startup
[1.447s] [ext: omni.usd.schema.omnigraph-1.0.0] startup
[1.451s] [ext: omni.kit.window.popup_dialog-2.0.24] startup
[1.454s] [ext: omni.graph.exec-0.9.6] startup
[1.454s] [ext: omni.kit.widget.nucleus_connector-2.0.1] startup
[1.456s] [ext: omni.kit.usd_undo-0.1.8] startup
[1.456s] [ext: omni.kit.exec.core-0.13.4] startup
[1.457s] [ext: omni.kit.actions.core-1.0.0] startup
[1.459s] [ext: omni.resourcemonitor-107.0.1] startup
[1.461s] [ext: omni.activity.core-1.0.3] startup
[1.461s] [ext: omni.timeline-1.0.14] startup
[1.463s] [ext: omni.kit.commands-1.4.10] startup
[1.465s] [ext: usdrt.scenegraph-7.6.1] startup
[1.492s] [ext: omni.kit.audiodeviceenum-1.0.2] startup
[1.493s] [ext: omni.hydra.usdrt_delegate-7.5.1] startup
[1.498s] [ext: omni.hydra.scene_delegate-0.3.4] startup
[1.502s] [ext: omni.usd-1.13.10] startup
[1.523s] [ext: omni.inspect-1.0.2] startup
[1.524s] [ext: omni.kit.notification_manager-1.0.10] startup
[1.525s] [ext: omni.graph.core-2.184.5] startup
[1.527s] [ext: isaacsim.core.deprecation_manager-0.2.7] startup
[1.528s] [ext: omni.anim.graph.schema-107.3.3] startup
[1.533s] [ext: omni.usd.schema.isaac-3.0.5] startup
[1.533s] [ext: omni.anim.navigation.schema-107.3.3] startup
[1.535s] [ext: omni.kit.asset_converter-5.0.17] startup
[1.544s] [ext: isaacsim.robot.schema-3.6.0] startup
[1.551s] [ext: omni.usd.schema.render_settings.rtx-0.0.0] startup
[1.552s] [ext: omni.kit.menu.core-1.1.2] startup
[1.552s] [ext: omni.kit.widget.path_field-2.0.11] startup
[1.552s] [ext: omni.kit.widget.context_menu-1.2.5] startup
[1.553s] [ext: omni.kit.widget.browser_bar-2.0.10] startup
[1.554s] [ext: omni.kit.clipboard-1.0.5] startup
[1.554s] [ext: omni.kit.numpy.common-0.1.3] startup
[1.555s] [ext: omni.kit.widget.options_menu-1.1.6] startup
[1.557s] [ext: omni.kit.helper.file_utils-0.1.9] startup
[1.558s] [ext: omni.ui.scene-1.11.5] startup
[1.561s] [ext: omni.kit.widget.options_button-1.0.3] startup
[1.562s] [ext: omni.kit.widget.filebrowser-2.12.3] startup
[1.564s] [ext: omni.kit.usd.layers-2.2.11] startup
[1.570s] [ext: omni.kit.window.filepicker-2.13.4] startup
[1.577s] [ext: omni.kit.hotkeys.core-1.3.10] startup
[1.579s] [ext: omni.kit.context_menu-1.8.6] startup
[1.581s] [ext: omni.kit.property.adapter.core-1.0.2] startup
[1.582s] [ext: omni.kit.window.file_exporter-1.0.33] startup
[1.583s] [ext: omni.kit.widget.searchfield-1.1.8] startup
[1.584s] [ext: omni.kit.widget.filter-1.1.4] startup
[1.585s] [ext: omni.kit.widget.graph-2.0.0] startup
[1.588s] [ext: omni.kit.widget.stage-3.1.4] startup
[1.597s] [ext: omni.kit.property.adapter.usd-1.0.2] startup
[1.598s] [ext: omni.kit.property.adapter.fabric-1.0.3] startup
[1.599s] [ext: omni.kit.graph.delegate.default-1.2.3] startup
[1.599s] [ext: omni.kit.window.file_importer-1.1.18] startup
[1.600s] [ext: omni.kit.stage_template.core-1.1.22] startup
[1.600s] [ext: omni.kit.menu.utils-2.0.5] startup
[1.603s] [ext: omni.kit.window.file-2.0.5] startup
[1.605s] [ext: omni.kit.widget.highlight_label-1.0.3] startup
[1.605s] [ext: omni.kit.window.drop_support-1.0.5] startup
[1.606s] [ext: omni.kit.window.content_browser_registry-0.0.6] startup
[1.606s] [ext: omni.kit.window.property-1.12.1] startup
[1.610s] [ext: omni.kit.window.content_browser-3.1.3] startup
[1.619s] [ext: isaacsim.core.version-2.0.6] startup
[1.619s] [ext: omni.kit.property.usd-4.5.12] startup
[1.628s] [ext: omni.kit.graph.editor.core-1.5.3] startup
[1.630s] [ext: omni.kit.material.library-2.0.7] startup
[1.634s] [ext: omni.kit.graph.usd.commands-1.3.1] startup
[1.634s] [ext: omni.kvdb-107.3.26] startup
[1.636s] [ext: omni.usdphysics-107.3.26] startup
[1.638s] [ext: omni.physx.foundation-107.3.26] startup
[1.639s] [ext: omni.localcache-107.3.26] startup
[1.640s] [ext: omni.convexdecomposition-107.3.26] startup
[1.642s] [ext: omni.physics-107.3.26] startup
[1.645s] [ext: omni.physx.cooking-107.3.26] startup
[1.647s] [ext: omni.physics.stageupdate-107.3.26] startup
[1.648s] [ext: omni.physx-107.3.26] startup
[1.656s] [ext: omni.index.libs-380600.8087.0] startup
[1.656s] [ext: omni.physics.physx-107.3.26] startup
2026-03-18T08:01:24Z [1,643ms] [Warning] [carb] Acquiring non optional plugin interface which is not listed as dependency: [omni::physx::IPhysxBenchmarks v1.0] (plugin: <default plugin>), by client: omni.physics.physx.plugin. Add it to CARB_PLUGIN_IMPL_DEPS() macro of a client.
[1.657s] [ext: omni.index-1.0.1] startup
[1.657s] [ext: omni.volume-0.5.2] startup
[1.659s] [ext: omni.ujitso.client-0.0.0] startup
[1.660s] [ext: omni.hydra.rtx.shadercache.vulkan-1.0.0] startup
[1.661s] [ext: omni.kit.widget.searchable_combobox-1.0.6] startup
[1.661s] [ext: omni.hydra.rtx-1.0.0] startup
2026-03-18T08:01:24Z [1,662ms] [Warning] [omni.log] Source: omni.hydra was already registered.
[1.692s] [ext: omni.kit.widget.settings-1.2.6] startup
[1.694s] [ext: omni.kit.hydra_texture-1.4.6] startup
[1.696s] [ext: omni.graph.tools-1.79.2] startup
[1.712s] [ext: omni.kit.window.preferences-1.8.0] startup
[1.715s] [ext: omni.kit.widget.material_preview-1.0.16] startup
[1.716s] [ext: omni.graph-1.141.2] startup
[1.744s] [ext: omni.kit.window.material_graph-1.9.1] startup
[1.749s] [ext: omni.isaac.dynamic_control-2.0.7] startup
2026-03-18T08:01:24Z [1,739ms] [Warning] [omni.isaac.dynamic_control] omni.isaac.dynamic_control is deprecated as of Isaac Sim 4.5. No action is needed from end-users.
[1.753s] [ext: isaacsim.storage.native-1.5.1] startup
[1.755s] [ext: omni.graph.scriptnode-1.50.0] startup
[1.757s] [ext: omni.hydra.engine.stats-1.0.3] startup
[1.760s] [ext: omni.kit.viewport.legacy_gizmos-1.0.19] startup
[1.763s] [ext: omni.kit.raycast.query-1.1.0] startup
[1.768s] [ext: omni.graph.action_core-1.1.7] startup
[1.770s] [ext: omni.kit.viewport.scene_camera_model-1.0.6] startup
[1.776s] [ext: omni.graph.image.core-0.6.1] startup
[1.777s] [ext: omni.kit.widget.viewport-107.1.3] startup
[1.779s] [ext: omni.kit.viewport.registry-104.0.6] startup
[1.781s] [ext: omni.usd.metrics.assembler-107.3.1] startup
[1.783s] [ext: omni.kit.viewport.window-107.2.0] startup
[1.797s] [ext: omni.kit.viewport.menubar.core-107.2.1] startup
[1.806s] [ext: omni.graph.image.nodes-1.3.1] startup
[1.807s] [ext: omni.usd.metrics.assembler.physics-107.3.26] startup
[1.808s] [ext: omni.warp.core-1.8.2] startup
[1.947s] [ext: omni.kit.viewport.utility-1.1.2] startup
[1.948s] [ext: omni.physics.tensors-107.3.26] startup
[1.953s] [ext: omni.syntheticdata-0.6.13] startup
[1.971s] [ext: isaacsim.test.docstring-1.1.0] startup
[1.975s] [ext: isaacsim.core.utils-3.5.1] startup
[1.978s] [ext: omni.physx.tensors-107.3.26] startup
[1.985s] [ext: omni.graph.nodes-1.170.10] startup
[1.994s] [ext: omni.graph.action_nodes-1.50.4] startup
[1.997s] [ext: omni.kit.primitive.mesh-1.0.17] startup
[2.003s] [ext: isaacsim.core.simulation_manager-1.4.4] startup
[2.215s] [ext: omni.graph.ui_nodes-1.50.5] startup
[2.218s] [ext: omni.graph.action-1.130.0] startup
[2.219s] [ext: omni.kit.stage_templates-2.0.0] startup
[2.224s] [ext: isaacsim.core.prims-0.6.1] startup
[2.248s] [ext: omni.warp-1.8.2] startup
[2.255s] [ext: omni.videoencoding-0.1.2] startup
[2.258s] [ext: isaacsim.core.api-4.8.0] startup
[2.287s] [ext: isaacsim.core.experimental.utils-0.3.0] startup
[2.308s] [ext: omni.replicator.core-1.12.27] startup
2026-03-18T08:01:25Z [2,317ms] [Warning] [pxr.Semantics] pxr.Semantics is deprecated - please use Semantics instead
2026-03-18T08:01:25Z [2,397ms] [Warning] [omni.graph.core.plugin] Found duplicate of category 'Replicator' - was 'Annotators', adding 'Fabric Reader'
2026-03-18T08:01:25Z [2,397ms] [Warning] [omni.graph.core.plugin] Category 'Replicator' not accepted on node type 'omni.replicator.core.FabricReader' in extension 'omni.replicator.core'
2026-03-18T08:01:25Z [2,398ms] [Warning] [omni.replicator.core.scripts.extension] No material configuration file, adding configuration to material settings directly.
[2.414s] [ext: isaacsim.core.experimental.prims-0.8.1] startup
[2.450s] [ext: omni.kit.window.extensions-1.4.27] startup
[2.460s] [ext: isaacsim.core.experimental.objects-0.4.0] startup
[2.465s] [ext: omni.ui_query-1.1.8] startup
[2.468s] [ext: omni.kit.manipulator.viewport-107.0.1] startup
[2.469s] [ext: isaacsim.robot.surface_gripper-3.3.1] startup
[2.476s] [ext: omni.kit.ui_test-1.3.7] startup
[2.484s] [ext: omni.graph.visualization.nodes-2.1.3] startup
[2.506s] [ext: isaacsim.robot_motion.lula-4.0.8] startup
[2.515s] [ext: isaacsim.core.nodes-3.4.3] startup
[2.527s] [ext: isaacsim.gui.components-1.2.1] startup
[2.545s] [ext: isaacsim.robot_motion.motion_generation-8.0.26] startup
[2.572s] [ext: isaacsim.robot.manipulators-3.3.6] startup
[2.582s] [ext: isaacsim.core.experimental.materials-0.4.0] startup
[2.593s] [ext: isaacsim.robot.manipulators.examples-1.1.2] startup
[2.596s] [ext: isaacsim.cortex.framework-1.0.12] startup
[2.600s] [ext: isaacsim.cortex.behaviors-2.0.14] startup
[2.603s] [ext: omni.isaac.cortex.sample_behaviors-2.0.5] startup
2026-03-18T08:01:25Z [2,591ms] [Warning] [omni.isaac.cortex] omni.isaac.cortex has been deprecated in favor of isaacsim.cortex.framework. Please update your code accordingly.
2026-03-18T08:01:25Z [2,594ms] [Warning] [omni.isaac.cortex.sample_behaviors] omni.isaac.cortex.sample_behaviors has been deprecated in favor of isaacsim.cortex.behaviors. Please update your code accordingly.
[2.610s] [ext: omni.kit.widget.zoombar-1.0.6] startup
[2.616s] [ext: isaacsim.gui.content_browser-0.1.11] startup
[2.619s] [ext: omni.kit.browser.core-2.3.13] startup
[2.656s] [ext: omni.kit.widget.stage_icons-1.0.8] startup
[2.663s] [ext: omni.kit.widget.prompt-1.0.7] startup
[2.669s] [ext: omni.kit.usd.collect-2.4.5] startup
[2.683s] [ext: omni.kit.browser.folder.core-1.10.9] startup
[2.748s] [ext: omni.kit.window.stage-2.6.1] startup
[2.834s] [ext: omni.kit.usdz_export-1.0.9] startup
[2.865s] [ext: omni.kit.tool.collect-2.2.18] startup
[2.900s] [ext: omni.kit.menu.stage-1.2.7] startup
[2.915s] [ext: omni.kit.tool.asset_importer-4.3.2] startup
[2.979s] [ext: isaacsim.robot.wheeled_robots-4.0.24] startup
[2.996s] [ext: isaacsim.examples.browser-0.2.1] startup
[3.005s] [ext: isaacsim.asset.importer.urdf-2.4.30] startup
[3.072s] [ext: omni.isaac.wheeled_robots-3.0.7] startup
2026-03-18T08:01:25Z [3,060ms] [Warning] [omni.isaac.wheeled_robots] omni.isaac.wheeled_robots has been deprecated in favor of isaacsim.robot.wheeled_robots. Please update your code accordingly.
2026-03-18T08:01:25Z [3,060ms] [Warning] [omni.isaac.wheeled_robots.controllers] omni.isaac.wheeled_robots has been deprecated in favor of isaacsim.robot.wheeled_robots. Please update your code accordingly.
2026-03-18T08:01:25Z [3,060ms] [Warning] [omni.isaac.wheeled_robots.controllers.ackermann_controller] omni.isaac.wheeled_robots has been deprecated in favor of isaacsim.robot.wheeled_robots. Please update your code accordingly.
2026-03-18T08:01:25Z [3,060ms] [Warning] [omni.isaac.wheeled_robots.controllers.differential_controller] omni.isaac.wheeled_robots has been deprecated in favor of isaacsim.robot.wheeled_robots. Please update your code accordingly.
2026-03-18T08:01:25Z [3,060ms] [Warning] [omni.isaac.wheeled_robots.controllers.holonomic_controller] omni.isaac.wheeled_robots has been deprecated in favor of isaacsim.robot.wheeled_robots. Please update your code accordingly.
2026-03-18T08:01:25Z [3,061ms] [Warning] [omni.isaac.wheeled_robots.controllers.quintic_path_planner] omni.isaac.wheeled_robots has been deprecated in favor of isaacsim.robot.wheeled_robots. Please update your code accordingly.
2026-03-18T08:01:25Z [3,061ms] [Warning] [omni.isaac.wheeled_robots.controllers.stanley_control] omni.isaac.wheeled_robots has been deprecated in favor of isaacsim.robot.wheeled_robots. Please update your code accordingly.
2026-03-18T08:01:25Z [3,061ms] [Warning] [omni.isaac.wheeled_robots.controllers.wheel_base_pose_controller] omni.isaac.wheeled_robots has been deprecated in favor of isaacsim.robot.wheeled_robots. Please update your code accordingly.
2026-03-18T08:01:25Z [3,061ms] [Warning] [omni.isaac.wheeled_robots.impl] omni.isaac.wheeled_robots has been deprecated in favor of isaacsim.robot.wheeled_robots. Please update your code accordingly.
2026-03-18T08:01:25Z [3,062ms] [Warning] [omni.isaac.wheeled_robots.robots] omni.isaac.wheeled_robots has been deprecated in favor of isaacsim.robot.wheeled_robots. Please update your code accordingly.
2026-03-18T08:01:25Z [3,062ms] [Warning] [omni.isaac.wheeled_robots.robots.holonomic_robot_usd_setup] omni.isaac.wheeled_robots has been deprecated in favor of isaacsim.robot.wheeled_robots. Please update your code accordingly.
2026-03-18T08:01:25Z [3,065ms] [Warning] [omni.isaac.wheeled_robots.robots.wheeled_robot] omni.isaac.wheeled_robots has been deprecated in favor of isaacsim.robot.wheeled_robots. Please update your code accordingly.
[3.080s] [ext: isaacsim.simulation_app-2.12.2] startup
[3.081s] [ext: omni.isaac.franka-1.0.7] startup
2026-03-18T08:01:25Z [3,068ms] [Warning] [omni.isaac.franka] omni.isaac.franka has been deprecated in favor of isaacsim.robot.manipulators.examples.franka. Please update your code accordingly.
2026-03-18T08:01:25Z [3,068ms] [Warning] [omni.isaac.franka.franka] omni.isaac.franka has been deprecated in favor of isaacsim.robot.manipulators.examples.franka. Please update your code accordingly.
2026-03-18T08:01:25Z [3,083ms] [Warning] [omni.isaac.franka.kinematics_solver] omni.isaac.franka has been deprecated in favor of isaacsim.robot.manipulators.examples.franka. Please update your code accordingly.
[3.098s] [ext: omni.isaac.kit-2.0.6] startup
2026-03-18T08:01:25Z [3,085ms] [Warning] [omni.isaac.kit] omni.isaac.kit has been deprecated in favor of isaacsim.simulation_app. Please update your code accordingly.
[3.099s] [ext: omni.kit.selection-0.1.6] startup
[3.101s] [ext: omni.isaac.lula-4.0.6] startup
2026-03-18T08:01:25Z [3,087ms] [Warning] [omni.isaac.lula] omni.isaac.lula has been deprecated in favor of isaacsim.robot_motion.lula. Please update your code accordingly.
[3.101s] [ext: isaacsim.robot_motion.lula_test_widget-1.0.12] startup
[3.103s] [ext: isaacsim.asset.browser-1.3.23] startup
[3.134s] [ext: omni.kit.viewport.actions-107.0.2] startup
[3.138s] [ext: isaacsim.gui.menu-2.4.4] startup
[3.143s] [ext: omni.isaac.manipulators-3.0.7] startup
2026-03-18T08:01:25Z [3,131ms] [Warning] [omni.isaac.manipulators] omni.isaac.manipulators has been deprecated in favor of isaacsim.robot.manipulators. Please update your code accordingly.
2026-03-18T08:01:25Z [3,131ms] [Warning] [omni.isaac.manipulators.controllers] omni.isaac.manipulators has been deprecated in favor of isaacsim.robot.manipulators. Please update your code accordingly.
2026-03-18T08:01:25Z [3,131ms] [Warning] [omni.isaac.manipulators.controllers.pick_place_controller] omni.isaac.manipulators has been deprecated in favor of isaacsim.robot.manipulators. Please update your code accordingly.
2026-03-18T08:01:25Z [3,133ms] [Warning] [omni.isaac.manipulators.controllers.stacking_controller] omni.isaac.manipulators has been deprecated in favor of isaacsim.robot.manipulators. Please update your code accordingly.
2026-03-18T08:01:25Z [3,134ms] [Warning] [omni.isaac.manipulators.grippers] omni.isaac.manipulators has been deprecated in favor of isaacsim.robot.manipulators. Please update your code accordingly.
2026-03-18T08:01:25Z [3,134ms] [Warning] [omni.isaac.manipulators.grippers.gripper] omni.isaac.manipulators has been deprecated in favor of isaacsim.robot.manipulators. Please update your code accordingly.
2026-03-18T08:01:25Z [3,134ms] [Warning] [omni.isaac.manipulators.grippers.parallel_gripper] omni.isaac.manipulators has been deprecated in favor of isaacsim.robot.manipulators. Please update your code accordingly.
2026-03-18T08:01:25Z [3,134ms] [Warning] [omni.isaac.manipulators.grippers.surface_gripper] omni.isaac.manipulators has been deprecated in favor of isaacsim.robot.manipulators. Please update your code accordingly.
2026-03-18T08:01:25Z [3,134ms] [Warning] [omni.isaac.manipulators.manipulators] omni.isaac.manipulators has been deprecated in favor of isaacsim.robot.manipulators. Please update your code accordingly.
2026-03-18T08:01:25Z [3,134ms] [Warning] [omni.isaac.manipulators.manipulators.single_manipulator] omni.isaac.manipulators has been deprecated in favor of isaacsim.robot.manipulators. Please update your code accordingly.
[3.148s] [ext: omni.isaac.lula_test_widget-1.0.6] startup
2026-03-18T08:01:25Z [3,136ms] [Warning] [omni.isaac.lula_test_widget] omni.isaac.lula_test_widget has been deprecated in favor of isaacsim.robot_motion.lula_test_widget. Please update your code accordingly.
[3.150s] [ext: omni.isaac.asset_browser-1.0.6] startup
2026-03-18T08:01:25Z [3,138ms] [Warning] [omni.isaac.asset_browser] omni.isaac.asset_browser has been deprecated in favor of isaacsim.asset.browser. Please update your code accordingly.
[3.152s] [ext: omni.kit.viewport.menubar.display-107.0.3] startup
[3.157s] [ext: omni.isaac.menu-1.0.6] startup
2026-03-18T08:01:25Z [3,144ms] [Warning] [omni.isaac.menu] omni.isaac.menu has been deprecated in favor of isaacsim.gui.menu. Please update your code accordingly.
[3.159s] [ext: omni.isaac.motion_generation-8.0.7] startup
2026-03-18T08:01:25Z [3,146ms] [Warning] [omni.isaac.motion_generation] omni.isaac.motion_generation has been deprecated in favor of isaacsim.robot_motion.motion_generation. Please update your code accordingly.
2026-03-18T08:01:25Z [3,147ms] [Warning] [omni.isaac.motion_generation.articulation_kinematics_solver] omni.isaac.motion_generation has been deprecated in favor of isaacsim.robot_motion.motion_generation. Please update your code accordingly.
2026-03-18T08:01:25Z [3,147ms] [Warning] [omni.isaac.motion_generation.articulation_motion_policy] omni.isaac.motion_generation has been deprecated in favor of isaacsim.robot_motion.motion_generation. Please update your code accordingly.
2026-03-18T08:01:25Z [3,147ms] [Warning] [omni.isaac.motion_generation.articulation_trajectory] omni.isaac.motion_generation has been deprecated in favor of isaacsim.robot_motion.motion_generation. Please update your code accordingly.
2026-03-18T08:01:25Z [3,147ms] [Warning] [omni.isaac.motion_generation.kinematics_interface] omni.isaac.motion_generation has been deprecated in favor of isaacsim.robot_motion.motion_generation. Please update your code accordingly.
2026-03-18T08:01:25Z [3,147ms] [Warning] [omni.isaac.motion_generation.lula] omni.isaac.motion_generation has been deprecated in favor of isaacsim.robot_motion.motion_generation. Please update your code accordingly.
2026-03-18T08:01:25Z [3,147ms] [Warning] [omni.isaac.motion_generation.lula.kinematics] omni.isaac.motion_generation has been deprecated in favor of isaacsim.robot_motion.motion_generation. Please update your code accordingly.
2026-03-18T08:01:25Z [3,147ms] [Warning] [omni.isaac.motion_generation.lula.motion_policies] omni.isaac.motion_generation has been deprecated in favor of isaacsim.robot_motion.motion_generation. Please update your code accordingly.
2026-03-18T08:01:25Z [3,147ms] [Warning] [omni.isaac.motion_generation.lula.path_planners] omni.isaac.motion_generation has been deprecated in favor of isaacsim.robot_motion.motion_generation. Please update your code accordingly.
2026-03-18T08:01:25Z [3,147ms] [Warning] [omni.isaac.motion_generation.lula.trajectory_generator] omni.isaac.motion_generation has been deprecated in favor of isaacsim.robot_motion.motion_generation. Please update your code accordingly.
2026-03-18T08:01:25Z [3,147ms] [Warning] [omni.isaac.motion_generation.motion_policy_controller] omni.isaac.motion_generation has been deprecated in favor of isaacsim.robot_motion.motion_generation. Please update your code accordingly.
2026-03-18T08:01:25Z [3,147ms] [Warning] [omni.isaac.motion_generation.motion_policy_interface] omni.isaac.motion_generation has been deprecated in favor of isaacsim.robot_motion.motion_generation. Please update your code accordingly.
2026-03-18T08:01:25Z [3,147ms] [Warning] [omni.isaac.motion_generation.path_planner_visualizer] omni.isaac.motion_generation has been deprecated in favor of isaacsim.robot_motion.motion_generation. Please update your code accordingly.
2026-03-18T08:01:25Z [3,148ms] [Warning] [omni.isaac.motion_generation.path_planning_interface] omni.isaac.motion_generation has been deprecated in favor of isaacsim.robot_motion.motion_generation. Please update your code accordingly.
2026-03-18T08:01:25Z [3,148ms] [Warning] [omni.isaac.motion_generation.trajectory] omni.isaac.motion_generation has been deprecated in favor of isaacsim.robot_motion.motion_generation. Please update your code accordingly.
2026-03-18T08:01:25Z [3,148ms] [Warning] [omni.isaac.motion_generation.world_interface] omni.isaac.motion_generation has been deprecated in favor of isaacsim.robot_motion.motion_generation. Please update your code accordingly.
[3.162s] [ext: omni.isaac.assets_check-0.3.13] startup
2026-03-18T08:01:25Z [3,149ms] [Warning] [omni.isaac.assets_check] omni.isaac.assets_check has been deprecated in favor of isaacsim.asset.browser. Please update your code accordingly.
[3.163s] [ext: isaacsim.gui.sensors.icon-2.0.3] startup
[3.175s] [ext: isaacsim.asset.importer.mjcf-2.5.13] startup
[3.180s] [ext: omni.sensors.nv.common-3.0.0] startup
[3.190s] [ext: isaacsim.sensors.physics-0.4.3] startup
[3.195s] [ext: omni.sensors.net-1.0.0] startup
[3.197s] [ext: omni.isaac.nucleus-1.0.6] startup
2026-03-18T08:01:26Z [3,184ms] [Warning] [omni.isaac.nucleus] omni.isaac.nucleus has been deprecated in favor of isaacsim.storage.native. Please update your code accordingly.
2026-03-18T08:01:26Z [3,184ms] [Warning] [omni.isaac.nucleus.nucleus] omni.isaac.nucleus.nucleus has been deprecated in favor of isaacsim.storage.native. Please update your code accordingly.
[3.198s] [ext: omni.sensors.nv.materials-2.0.0] startup
[3.204s] [ext: isaacsim.robot.policy.examples-4.1.11] startup
[3.207s] [ext: omni.sensors.nv.wpm-3.0.0] startup
[3.210s] [ext: omni.sensors.nv.lidar-3.0.0] startup
[3.216s] [ext: isaacsim.util.debug_draw-3.1.0] startup
[3.219s] [ext: omni.sensors.nv.radar-3.0.0] startup
[3.225s] [ext: omni.sensors.nv.ids-2.0.0] startup
[3.227s] [ext: isaacsim.core.cloner-1.4.10] startup
[3.230s] [ext: isaacsim.sensors.physx-2.3.2] startup
[3.236s] [ext: isaacsim.sensors.rtx-15.8.4] startup
[3.247s] [ext: isaacsim.sensors.camera-1.3.6] startup
[3.253s] [ext: omni.isaac.quadruped-3.0.7] startup
2026-03-18T08:01:26Z [3,242ms] [Warning] [omni.isaac.quadruped] omni.isaac.quadruped has been deprecated in favor of isaacsim.robot.policy.examples. Please update your code accordingly.
[3.257s] [ext: omni.isaac.cloner-1.0.7] startup
2026-03-18T08:01:26Z [3,244ms] [Warning] [omni.isaac.cloner] omni.isaac.cloner has been deprecated in favor of isaacsim.core.cloner. Please update your code accordingly.
[3.260s] [ext: omni.isaac.range_sensor-4.0.6] startup
2026-03-18T08:01:26Z [3,248ms] [Warning] [omni.isaac.range_sensor] omni.isaac.range_sensor has been deprecated in favor of isaacsim.sensors.physx. Please update your code accordingly.
2026-03-18T08:01:26Z [3,248ms] [Warning] [omni.isaac.range_sensor.commands] omni.isaac.range_sensor.commands has been deprecated in favor of isaacsim.sensors.physx.commands. Please update your code accordingly.
[3.263s] [ext: omni.isaac.sensor-13.0.7] startup
2026-03-18T08:01:26Z [3,250ms] [Warning] [omni.isaac.sensor] omni.isaac.sensor has been deprecated in favor of isaacsim.sensors.camera, isaacsim.sensors.physics, isaacsim.sensors.physx, and isaacsim.sensors.rtx. Please update your code accordingly.
2026-03-18T08:01:26Z [3,251ms] [Warning] [omni.isaac.sensor.camera] omni.isaac.sensor.camera has been deprecated in favor of isaacsim.sensors.camera.camera. Please update your code accordingly.
2026-03-18T08:01:26Z [3,251ms] [Warning] [omni.isaac.sensor.camera_view] omni.isaac.sensor.camera_view has been deprecated in favor of isaacsim.sensors.camera.camera_view. Please update your code accordingly.
2026-03-18T08:01:26Z [3,251ms] [Warning] [omni.isaac.sensor.commands] omni.isaac.sensor.commands has been deprecated in favor of isaacsim.sensors.physics.commands, isaacsim.sensors.physx.commands, and isaacsim.sensors.rtx.commands. Please update your code accordingly.
2026-03-18T08:01:26Z [3,252ms] [Warning] [omni.isaac.sensor.contact_sensor] omni.isaac.sensor.contact_sensor has been deprecated in favor of isaacsim.sensors.physics.contact_sensor. Please update your code accordingly.
2026-03-18T08:01:26Z [3,252ms] [Warning] [omni.isaac.sensor.imu_sensor] omni.isaac.sensor.imu_sensor has been deprecated in favor of isaacsim.sensors.physics.imu_sensor. Please update your code accordingly.
2026-03-18T08:01:26Z [3,252ms] [Warning] [omni.isaac.sensor.lidar_rtx] omni.isaac.sensor.lidar_rtx has been deprecated in favor of isaacsim.sensors.rtx.lidar_rtx. Please update your code accordingly.
2026-03-18T08:01:26Z [3,252ms] [Warning] [omni.isaac.sensor.rotating_lidar_physX] omni.isaac.sensor.imu_sensor has been deprecated in favor of isaacsim.sensors.physix.rotating_lidar_physX. Please update your code accordingly.
2026-03-18T08:01:26Z [3,253ms] [Warning] [omni.isaac.sensor.scripts.samples.contact_sensor] omni.isaac.sensor.scripts.samples.contact_sensor has been deprecated in favor of isaacsim.sensors.physics.scripts.samples.contact_sensor. Please update your code accordingly.
2026-03-18T08:01:26Z [3,253ms] [Warning] [omni.isaac.sensor.scripts.samples.imu_sensor] omni.isaac.sensor.scripts.samples.imu_sensor has been deprecated in favor of isaacsim.sensors.physics.scripts.samples.imu_sensor. Please update your code accordingly.
2026-03-18T08:01:26Z [3,253ms] [Warning] [omni.isaac.sensor.scripts.samples.lightbeam_sensor] omni.isaac.sensor.scripts.samples.lightbeam_sensor has been deprecated in favor of isaacsim.sensors.physx.scripts.samples.lightbeam_sensor. Please update your code accordingly.
[3.267s] [ext: omni.kit.menu.create-2.0.1] startup
[3.270s] [ext: omni.kit.widget.toolbar-2.0.1] startup
[3.281s] [ext: omni.kit.manipulator.transform-107.0.0] startup
[3.285s] [ext: omni.isaac.core-4.0.7] startup
2026-03-18T08:01:26Z [3,272ms] [Warning] [omni.isaac.core.physics_context.physics_context] omni.isaac.core.physics_context.physics_context has been deprecated in favor of isaacsim.core.api.physics_context.physics_context. Please update your code accordingly.
2026-03-18T08:01:26Z [3,272ms] [Warning] [omni.isaac.core.simulation_context.simulation_context] omni.isaac.core.simulation_context.simulation_context has been deprecated in favor of isaacsim.core.api.simulation_context.simulation_context. Please update your code accordingly.
2026-03-18T08:01:26Z [3,272ms] [Warning] [omni.isaac.core.world.world] omni.isaac.core.world.world has been deprecated in favor of isaacsim.core.api.world.world. Please update your code accordingly.
2026-03-18T08:01:26Z [3,272ms] [Warning] [omni.isaac.core] omni.isaac.core has been deprecated in favor of isaacsim.core.api. Please update your code accordingly.
[3.286s] [ext: omni.kit.scripting-107.3.2] startup
[3.292s] [ext: omni.kit.manipulator.tool.snap-1.5.13] startup
[3.296s] [ext: omni.kit.manipulator.selector-1.1.3] startup
[3.298s] [ext: isaacsim.app.about-2.0.11] startup
[3.303s] [ext: isaacsim.replicator.behavior-1.1.16] startup
[3.304s] [ext: omni.kit.viewport.manipulator.transform-107.0.4] startup
[3.307s] [ext: omni.isaac.window.about-2.0.7] startup
2026-03-18T08:01:26Z [3,295ms] [Warning] [omni.isaac.window.about] omni.isaac.window.about has been deprecated in favor of isaacsim.app.about. Please update your code accordingly.
2026-03-18T08:01:26Z [3,295ms] [Warning] [omni.isaac.window.about.about] omni.isaac.window.about.about has been deprecated in favor of isaacsim.app.about.about. Please update your code accordingly.
[3.309s] [ext: omni.fabric.commands-1.1.6] startup
[3.312s] [ext: omni.kit.manipulator.prim.core-107.0.8] startup
[3.317s] [ext: omni.kit.property.audio-1.0.16] startup
[3.321s] [ext: omni.kit.property.camera-1.0.10] startup
[3.323s] [ext: omni.kit.property.geometry-2.0.4] startup
[3.326s] [ext: omni.hydra.scene_api-0.1.2] startup
[3.332s] [ext: omni.kit.property.light-1.0.12] startup
[3.345s] [ext: omni.kit.manipulator.prim.fabric-107.0.4] startup
[3.347s] [ext: omni.kit.manipulator.prim.usd-107.0.3] startup
[3.349s] [ext: omni.kit.property.material-1.11.9] startup
[3.354s] [ext: omni.kit.property.render-1.2.1] startup
[3.356s] [ext: omni.kit.property.transform-1.5.13] startup
[3.359s] [ext: isaacsim.gui.property-1.1.3] startup
[3.362s] [ext: omni.kit.manipulator.camera-106.0.4] startup
[3.365s] [ext: omni.kit.manipulator.prim-107.0.0] startup
[3.365s] [ext: omni.isaac.surface_gripper-2.0.6] startup
2026-03-18T08:01:26Z [3,351ms] [Warning] [omni.isaac.surface_gripper] omni.isaac.surface_gripper has been deprecated in favor of isaacsim.robot.surface_gripper. Please update your code accordingly.
[3.366s] [ext: omni.kit.manipulator.selection-106.0.1] startup
[3.369s] [ext: omni.kit.property.bundle-1.4.1] startup
[3.371s] [ext: omni.kit.property.isaac-1.0.6] startup
2026-03-18T08:01:26Z [3,357ms] [Warning] [omni.kit.property.isaac] omni.kit.property.isaac has been deprecated in favor of isaacsim.gui.property. Please update your code accordingly.
2026-03-18T08:01:26Z [3,358ms] [Warning] [omni.kit.property.isaac.widgets] omni.kit.property.isaac.widgets has been deprecated in favor of isaacsim.gui.property.widgets. Please update your code accordingly.
[3.372s] [ext: omni.isaac.universal_robots-1.0.6] startup
2026-03-18T08:01:26Z [3,359ms] [Warning] [omni.isaac.universal_robots] omni.isaac.universal_robots has been deprecated in favor of isaacsim.robot.manipulators.examples.universal_robots. Please update your code accordingly.
2026-03-18T08:01:26Z [3,359ms] [Warning] [omni.isaac.universal_robots.kinematics_solver] omni.isaac.franka has been deprecated in favor of isaacsim.robot.manipulators.examples.universal_robots. Please update your code accordingly.
2026-03-18T08:01:26Z [3,360ms] [Warning] [omni.isaac.universal_robots.ur10] omni.isaac.franka has been deprecated in favor of isaacsim.robot.manipulators.examples.universal_robots. Please update your code accordingly.
[3.374s] [ext: omni.isaac.core_nodes-2.0.6] startup
2026-03-18T08:01:26Z [3,362ms] [Warning] [omni.isaac.core_nodes] omni.isaac.core_nodes has been deprecated in favor of isaacsim.core.nodes. Please update your code accordingly.
[3.376s] [ext: omni.kit.viewport.menubar.camera-107.0.6] startup
[3.383s] [ext: omni.kit.viewport.menubar.lighting-107.3.1] startup
[3.386s] [ext: isaacsim.replicator.writers-1.0.17] startup
[3.396s] [ext: omni.kit.viewport.menubar.render-107.0.10] startup
[3.402s] [ext: omni.kit.viewport.menubar.settings-107.0.3] startup
[3.410s] [ext: omni.kit.window.console-1.1.4] startup
[3.415s] [ext: isaacsim.replicator.domain_randomization-1.0.16] startup
[3.417s] [ext: isaacsim.replicator.examples-1.3.6] startup
[3.420s] [ext: omni.ocio-0.1.1] startup
[3.423s] [ext: omni.rtx.window.settings-0.6.19] startup
[3.432s] [ext: omni.kit.window.status_bar-0.1.9] startup
[3.438s] [ext: omni.kit.window.toolbar-2.0.0] startup
[3.448s] [ext: omni.replicator.isaac-2.0.8] startup
2026-03-18T08:01:26Z [3,436ms] [Warning] [omni.replicator.isaac] omni.replicator.isaac has been deprecated in favor of isaacsim.replicator.domain_randomization, isaacsim.replicator.examples, isaacsim.replicator.writers. Please update your code accordingly.
[3.452s] [ext: omni.replicator.replicator_yaml-2.0.11] startup
[3.459s] [ext: omni.rtx.settings.core-0.6.5] startup
[3.465s] [ext: omni.usd.metrics.assembler.ui-107.3.1] startup
[3.478s] [ext: omni.isaac.utils-2.0.6] startup
[3.479s] [ext: semantics.schema.editor-2.0.2] startup
[3.483s] [ext: omni.kit.ui.actions-1.0.5] startup
[3.485s] [ext: semantics.schema.property-2.0.1] startup
[3.486s] [ext: omni.isaac.version-2.0.7] startup
2026-03-18T08:01:26Z [3,473ms] [Warning] [omni.isaac.version] omni.isaac.version has been deprecated in favor of isaacsim.core.version. Please update your code accordingly.
[3.487s] [ext: omni.isaac.cortex-1.0.5] startup
[3.488s] [ext: omni.anim.curve.core-1.3.1] startup
[3.497s] [ext: isaacsim.core.throttling-2.2.2] startup
[3.500s] [ext: omni.kit.menu.common-2.0.1] startup
[3.502s] [ext: isaacsim.exp.base-5.1.0] startup
[3.502s] [ext: isaacsim.exp.base.python-5.1.0] startup
[3.504s] Simulation App Starting
2026-03-18T08:01:26Z [3,538ms] [Warning] [omni.kvdb.plugin] Disabling key-value database because another kit process is locking it
2026-03-18T08:01:26Z [3,569ms] [Warning] [omni.fabric.plugin] Warning: attribute viewportHandle not found for bucket id 9

[3.634s] app ready
Terminated
